<?xml version="1.0" encoding="UTF-8"?>
<testsuite xmlns:xsi="http://www.w3.org/2001/XMLSchema-instance" xsi:noNamespaceSchemaLocation="https://maven.apache.org/surefire/maven-surefire-plugin/xsd/surefire-test-report-3.0.xsd" version="3.0" name="org.example.Homework6Test" time="13.638" tests="1" errors="0" skipped="0" failures="0">
  <properties>
[...]
</properties>
  <testcase name="GoToTheLibraryThroughTheNews" classname="org.example.Homework6Test" time="13.589">
    <system-out><![CDATA[22:30:22.749 [main] DEBUG io.github.bonigarcia.wdm.cache.ResolutionCache - Resolution chrome=104 in cache (valid until 23:21:17 19/08/2022 MSK)
22:30:22.750 [main] DEBUG io.github.bonigarcia.wdm.cache.ResolutionCache - Resolution chrome104=104.0.5112.79 in cache (valid until 21:16:53 20/08/2022 MSK)
22:30:22.750 [main] INFO io.github.bonigarcia.wdm.WebDriverManager - Using chromedriver 104.0.5112.79 (resolved driver for Chrome 104)
22:30:22.760 [main] DEBUG io.github.bonigarcia.wdm.WebDriverManager - Driver chromedriver 104.0.5112.79 found in cache
22:30:22.761 [main] INFO io.github.bonigarcia.wdm.WebDriverManager - Exporting webdriver.chrome.driver as C:\Users\uzer\.cache\selenium\chromedriver\win32\104.0.5112.79\chromedriver.exe
22:30:23.092 [AsyncHttpClient-1-1] DEBUG org.asynchttpclient.netty.channel.DefaultChannelPool - Entry count for : http://localhost:53504 : 1
22:30:23.092 [AsyncHttpClient-1-1] DEBUG org.asynchttpclient.netty.channel.DefaultChannelPool - Entry count for : http://localhost:60159 : 1
22:30:23.092 [AsyncHttpClient-1-1] DEBUG org.asynchttpclient.netty.channel.DefaultChannelPool - Adding Candidate expired Channel [id: 0x1d4ff175, L:/127.0.0.1:60158 ! R:localhost/127.0.0.1:53504] isIdleTimeoutExpired=false isRemotelyClosed=true isTtlExpired=false
22:30:23.092 [AsyncHttpClient-1-1] DEBUG org.asynchttpclient.netty.channel.DefaultChannelPool - Closing Idle Channel [id: 0x1d4ff175, L:/127.0.0.1:60158 ! R:localhost/127.0.0.1:53504]
22:30:23.092 [AsyncHttpClient-1-1] DEBUG org.asynchttpclient.netty.channel.DefaultChannelPool - Adding Candidate expired Channel [id: 0xfda3aa52, L:/127.0.0.1:60166 ! R:localhost/127.0.0.1:60159] isIdleTimeoutExpired=false isRemotelyClosed=true isTtlExpired=false
22:30:23.092 [AsyncHttpClient-1-1] DEBUG org.asynchttpclient.netty.channel.DefaultChannelPool - Closing Idle Channel [id: 0xfda3aa52, L:/127.0.0.1:60166 ! R:localhost/127.0.0.1:60159]
22:30:23.092 [AsyncHttpClient-1-1] DEBUG org.asynchttpclient.netty.channel.DefaultChannelPool - Closed 2 connections out of 2 in 0 ms
22:30:23.158 [AsyncHttpClient-1-5] DEBUG org.asynchttpclient.netty.channel.NettyConnectListener - Using new Channel '[id: 0x1d78a6f8, L:/127.0.0.1:60255 - R:localhost/127.0.0.1:61462]' for 'POST' to '/session'
22:30:23.942 [AsyncHttpClient-1-5] DEBUG org.asynchttpclient.netty.handler.HttpHandler - 

Request DefaultHttpRequest(decodeResult: success, version: HTTP/1.1)
POST /session HTTP/1.1
User-Agent: selenium/4.3.0 (java windows)
Content-Length: 365
Content-Type: application/json; charset=utf-8
host: localhost:61462
accept: */*

Response DefaultHttpResponse(decodeResult: success, version: HTTP/1.1)
HTTP/1.1 200 OK
Content-Type: application/json; charset=utf-8
cache-control: no-cache
content-length: 790

22:30:23.943 [AsyncHttpClient-1-5] DEBUG org.asynchttpclient.netty.channel.ChannelManager - Adding key: http://localhost:61462 for channel [id: 0x1d78a6f8, L:/127.0.0.1:60255 - R:localhost/127.0.0.1:61462]
22:30:23.954 [AsyncHttpClient-1-6] DEBUG org.asynchttpclient.netty.channel.NettyConnectListener - Using new Channel '[id: 0xde78e562, L:/127.0.0.1:60262 - R:localhost/127.0.0.1:60256]' for 'GET' to '/json/version'
22:30:23.957 [AsyncHttpClient-1-6] DEBUG org.asynchttpclient.netty.handler.HttpHandler - 

Request DefaultFullHttpRequest(decodeResult: success, version: HTTP/1.1, content: EmptyByteBufBE)
GET /json/version HTTP/1.1
User-Agent: selenium/4.3.0 (java windows)
host: localhost:60256
accept: */*

Response DefaultHttpResponse(decodeResult: success, version: HTTP/1.1)
HTTP/1.1 200 OK
Content-Type: application/json; charset=UTF-8
content-length: 427

22:30:23.958 [AsyncHttpClient-1-6] DEBUG org.asynchttpclient.netty.channel.ChannelManager - Adding key: http://localhost:60256 for channel [id: 0xde78e562, L:/127.0.0.1:60262 - R:localhost/127.0.0.1:60256]
22:30:23.960 [AsyncHttpClient-1-7] DEBUG org.asynchttpclient.netty.channel.NettyConnectListener - Using new Channel '[id: 0x4a659407, L:/127.0.0.1:60263 - R:localhost/127.0.0.1:60256]' for 'GET' to '/devtools/browser/b37cee54-ab6f-467f-a414-fbb2239e4f3e'
22:30:23.964 [AsyncHttpClient-1-7] DEBUG org.asynchttpclient.netty.handler.WebSocketHandler - 

Request DefaultFullHttpRequest(decodeResult: success, version: HTTP/1.1, content: EmptyByteBufBE)
GET /devtools/browser/b37cee54-ab6f-467f-a414-fbb2239e4f3e HTTP/1.1
upgrade: websocket
connection: upgrade
sec-websocket-key: f3KwFxgnguixMhGVcINSTQ==
sec-websocket-version: 13
origin: http://localhost:60256
host: localhost:60256
accept: */*
user-agent: AHC/2.1

Response DefaultHttpResponse(decodeResult: success, version: HTTP/1.1)
HTTP/1.1 101 WebSocket Protocol Handshake
Upgrade: WebSocket
Connection: Upgrade
Sec-WebSocket-Accept: fcHXcMq8z5SzCdHvLHW8kiTbbhc=

22:30:23.971 [Forwarding get on session 7faa2ce756f0e63d8a8e66b94b5e5cc5 to remote] DEBUG org.asynchttpclient.netty.request.NettyRequestSender - Using pooled Channel '[id: 0x1d78a6f8, L:/127.0.0.1:60255 - R:localhost/127.0.0.1:61462]' for 'POST' to 'http://localhost:61462/session/7faa2ce756f0e63d8a8e66b94b5e5cc5/url'
22:30:23.971 [Forwarding get on session 7faa2ce756f0e63d8a8e66b94b5e5cc5 to remote] DEBUG org.asynchttpclient.netty.request.NettyRequestSender - Using open Channel [id: 0x1d78a6f8, L:/127.0.0.1:60255 - R:localhost/127.0.0.1:61462] for POST '/session/7faa2ce756f0e63d8a8e66b94b5e5cc5/url'
22:30:24.192 [AsyncHttpClient-1-1] DEBUG org.asynchttpclient.netty.channel.DefaultChannelPool - Entry count for : http://localhost:60256 : 1
22:30:25.294 [AsyncHttpClient-1-1] DEBUG org.asynchttpclient.netty.channel.DefaultChannelPool - Entry count for : http://localhost:60256 : 1
22:30:26.399 [AsyncHttpClient-1-1] DEBUG org.asynchttpclient.netty.channel.DefaultChannelPool - Entry count for : http://localhost:60256 : 1
22:30:27.492 [AsyncHttpClient-1-1] DEBUG org.asynchttpclient.netty.channel.DefaultChannelPool - Entry count for : http://localhost:60256 : 1
22:30:28.594 [AsyncHttpClient-1-1] DEBUG org.asynchttpclient.netty.channel.DefaultChannelPool - Entry count for : http://localhost:60256 : 1
22:30:29.701 [AsyncHttpClient-1-1] DEBUG org.asynchttpclient.netty.channel.DefaultChannelPool - Entry count for : http://localhost:60256 : 1
22:30:30.794 [AsyncHttpClient-1-1] DEBUG org.asynchttpclient.netty.channel.DefaultChannelPool - Entry count for : http://localhost:60256 : 1
22:30:31.877 [AsyncHttpClient-1-5] DEBUG org.asynchttpclient.netty.handler.HttpHandler - 

Request DefaultHttpRequest(decodeResult: success, version: HTTP/1.1)
POST /session/7faa2ce756f0e63d8a8e66b94b5e5cc5/url HTTP/1.1
User-Agent: selenium/4.3.0 (java windows)
Content-Length: 49
Content-Type: application/json; charset=utf-8
host: localhost:61462
accept: */*

Response DefaultHttpResponse(decodeResult: success, version: HTTP/1.1)
HTTP/1.1 200 OK
Content-Type: application/json; charset=utf-8
cache-control: no-cache
content-length: 14

22:30:31.877 [AsyncHttpClient-1-5] DEBUG org.asynchttpclient.netty.channel.ChannelManager - Adding key: http://localhost:61462 for channel [id: 0x1d78a6f8, L:/127.0.0.1:60255 - R:localhost/127.0.0.1:61462]
22:30:31.894 [AsyncHttpClient-1-1] DEBUG org.asynchttpclient.netty.channel.DefaultChannelPool - Entry count for : http://localhost:61462 : 1
22:30:31.894 [AsyncHttpClient-1-1] DEBUG org.asynchttpclient.netty.channel.DefaultChannelPool - Entry count for : http://localhost:60256 : 1
22:30:31.910 [Forwarding findElement on session 7faa2ce756f0e63d8a8e66b94b5e5cc5 to remote] DEBUG org.asynchttpclient.netty.request.NettyRequestSender - Using pooled Channel '[id: 0x1d78a6f8, L:/127.0.0.1:60255 - R:localhost/127.0.0.1:61462]' for 'POST' to 'http://localhost:61462/session/7faa2ce756f0e63d8a8e66b94b5e5cc5/element'
22:30:31.910 [Forwarding findElement on session 7faa2ce756f0e63d8a8e66b94b5e5cc5 to remote] DEBUG org.asynchttpclient.netty.request.NettyRequestSender - Using open Channel [id: 0x1d78a6f8, L:/127.0.0.1:60255 - R:localhost/127.0.0.1:61462] for POST '/session/7faa2ce756f0e63d8a8e66b94b5e5cc5/element'
22:30:31.928 [AsyncHttpClient-1-5] DEBUG org.asynchttpclient.netty.handler.HttpHandler - 

Request DefaultHttpRequest(decodeResult: success, version: HTTP/1.1)
POST /session/7faa2ce756f0e63d8a8e66b94b5e5cc5/element HTTP/1.1
User-Agent: selenium/4.3.0 (java windows)
Content-Length: 117
Content-Type: application/json; charset=utf-8
host: localhost:61462
accept: */*

Response DefaultHttpResponse(decodeResult: success, version: HTTP/1.1)
HTTP/1.1 200 OK
Content-Type: application/json; charset=utf-8
cache-control: no-cache
content-length: 88

22:30:31.928 [AsyncHttpClient-1-5] DEBUG org.asynchttpclient.netty.channel.ChannelManager - Adding key: http://localhost:61462 for channel [id: 0x1d78a6f8, L:/127.0.0.1:60255 - R:localhost/127.0.0.1:61462]
22:30:31.930 [Forwarding clickElement on session 7faa2ce756f0e63d8a8e66b94b5e5cc5 to remote] DEBUG org.asynchttpclient.netty.request.NettyRequestSender - Using pooled Channel '[id: 0x1d78a6f8, L:/127.0.0.1:60255 - R:localhost/127.0.0.1:61462]' for 'POST' to 'http://localhost:61462/session/7faa2ce756f0e63d8a8e66b94b5e5cc5/element/ca792149-8f49-45fb-945c-a2b88bd1e52d/click'
22:30:31.930 [Forwarding clickElement on session 7faa2ce756f0e63d8a8e66b94b5e5cc5 to remote] DEBUG org.asynchttpclient.netty.request.NettyRequestSender - Using open Channel [id: 0x1d78a6f8, L:/127.0.0.1:60255 - R:localhost/127.0.0.1:61462] for POST '/session/7faa2ce756f0e63d8a8e66b94b5e5cc5/element/ca792149-8f49-45fb-945c-a2b88bd1e52d/click'
22:30:32.999 [AsyncHttpClient-1-1] DEBUG org.asynchttpclient.netty.channel.DefaultChannelPool - Entry count for : http://localhost:60256 : 1
22:30:33.070 [AsyncHttpClient-1-5] DEBUG org.asynchttpclient.netty.handler.HttpHandler - 

Request DefaultHttpRequest(decodeResult: success, version: HTTP/1.1)
POST /session/7faa2ce756f0e63d8a8e66b94b5e5cc5/element/ca792149-8f49-45fb-945c-a2b88bd1e52d/click HTTP/1.1
User-Agent: selenium/4.3.0 (java windows)
Content-Length: 50
Content-Type: application/json; charset=utf-8
host: localhost:61462
accept: */*

Response DefaultHttpResponse(decodeResult: success, version: HTTP/1.1)
HTTP/1.1 200 OK
Content-Type: application/json; charset=utf-8
cache-control: no-cache
content-length: 14

22:30:33.070 [AsyncHttpClient-1-5] DEBUG org.asynchttpclient.netty.channel.ChannelManager - Adding key: http://localhost:61462 for channel [id: 0x1d78a6f8, L:/127.0.0.1:60255 - R:localhost/127.0.0.1:61462]
22:30:33.078 [Forwarding findElement on session 7faa2ce756f0e63d8a8e66b94b5e5cc5 to remote] DEBUG org.asynchttpclient.netty.request.NettyRequestSender - Using pooled Channel '[id: 0x1d78a6f8, L:/127.0.0.1:60255 - R:localhost/127.0.0.1:61462]' for 'POST' to 'http://localhost:61462/session/7faa2ce756f0e63d8a8e66b94b5e5cc5/element'
22:30:33.078 [Forwarding findElement on session 7faa2ce756f0e63d8a8e66b94b5e5cc5 to remote] DEBUG org.asynchttpclient.netty.request.NettyRequestSender - Using open Channel [id: 0x1d78a6f8, L:/127.0.0.1:60255 - R:localhost/127.0.0.1:61462] for POST '/session/7faa2ce756f0e63d8a8e66b94b5e5cc5/element'
22:30:33.101 [AsyncHttpClient-1-5] DEBUG org.asynchttpclient.netty.handler.HttpHandler - 

Request DefaultHttpRequest(decodeResult: success, version: HTTP/1.1)
POST /session/7faa2ce756f0e63d8a8e66b94b5e5cc5/element HTTP/1.1
User-Agent: selenium/4.3.0 (java windows)
Content-Length: 68
Content-Type: application/json; charset=utf-8
host: localhost:61462
accept: */*

Response DefaultHttpResponse(decodeResult: success, version: HTTP/1.1)
HTTP/1.1 200 OK
Content-Type: application/json; charset=utf-8
cache-control: no-cache
content-length: 88

22:30:33.101 [AsyncHttpClient-1-5] DEBUG org.asynchttpclient.netty.channel.ChannelManager - Adding key: http://localhost:61462 for channel [id: 0x1d78a6f8, L:/127.0.0.1:60255 - R:localhost/127.0.0.1:61462]
22:30:33.103 [Forwarding clickElement on session 7faa2ce756f0e63d8a8e66b94b5e5cc5 to remote] DEBUG org.asynchttpclient.netty.request.NettyRequestSender - Using pooled Channel '[id: 0x1d78a6f8, L:/127.0.0.1:60255 - R:localhost/127.0.0.1:61462]' for 'POST' to 'http://localhost:61462/session/7faa2ce756f0e63d8a8e66b94b5e5cc5/element/7305e8c3-a398-4262-94df-6ff1ae46eea9/click'
22:30:33.103 [Forwarding clickElement on session 7faa2ce756f0e63d8a8e66b94b5e5cc5 to remote] DEBUG org.asynchttpclient.netty.request.NettyRequestSender - Using open Channel [id: 0x1d78a6f8, L:/127.0.0.1:60255 - R:localhost/127.0.0.1:61462] for POST '/session/7faa2ce756f0e63d8a8e66b94b5e5cc5/element/7305e8c3-a398-4262-94df-6ff1ae46eea9/click'
22:30:34.093 [AsyncHttpClient-1-1] DEBUG org.asynchttpclient.netty.channel.DefaultChannelPool - Entry count for : http://localhost:60256 : 1
22:30:35.193 [AsyncHttpClient-1-1] DEBUG org.asynchttpclient.netty.channel.DefaultChannelPool - Entry count for : http://localhost:60256 : 1
22:30:35.275 [AsyncHttpClient-1-5] DEBUG org.asynchttpclient.netty.handler.HttpHandler - 

Request DefaultHttpRequest(decodeResult: success, version: HTTP/1.1)
POST /session/7faa2ce756f0e63d8a8e66b94b5e5cc5/element/7305e8c3-a398-4262-94df-6ff1ae46eea9/click HTTP/1.1
User-Agent: selenium/4.3.0 (java windows)
Content-Length: 50
Content-Type: application/json; charset=utf-8
host: localhost:61462
accept: */*

Response DefaultHttpResponse(decodeResult: success, version: HTTP/1.1)
HTTP/1.1 200 OK
Content-Type: application/json; charset=utf-8
cache-control: no-cache
content-length: 14

22:30:35.276 [AsyncHttpClient-1-5] DEBUG org.asynchttpclient.netty.channel.ChannelManager - Adding key: http://localhost:61462 for channel [id: 0x1d78a6f8, L:/127.0.0.1:60255 - R:localhost/127.0.0.1:61462]
22:30:35.281 [Forwarding findElement on session 7faa2ce756f0e63d8a8e66b94b5e5cc5 to remote] DEBUG org.asynchttpclient.netty.request.NettyRequestSender - Using pooled Channel '[id: 0x1d78a6f8, L:/127.0.0.1:60255 - R:localhost/127.0.0.1:61462]' for 'POST' to 'http://localhost:61462/session/7faa2ce756f0e63d8a8e66b94b5e5cc5/element'
22:30:35.281 [Forwarding findElement on session 7faa2ce756f0e63d8a8e66b94b5e5cc5 to remote] DEBUG org.asynchttpclient.netty.request.NettyRequestSender - Using open Channel [id: 0x1d78a6f8, L:/127.0.0.1:60255 - R:localhost/127.0.0.1:61462] for POST '/session/7faa2ce756f0e63d8a8e66b94b5e5cc5/element'
22:30:35.298 [AsyncHttpClient-1-5] DEBUG org.asynchttpclient.netty.handler.HttpHandler - 

Request DefaultHttpRequest(decodeResult: success, version: HTTP/1.1)
POST /session/7faa2ce756f0e63d8a8e66b94b5e5cc5/element HTTP/1.1
User-Agent: selenium/4.3.0 (java windows)
Content-Length: 85
Content-Type: application/json; charset=utf-8
host: localhost:61462
accept: */*

Response DefaultHttpResponse(decodeResult: success, version: HTTP/1.1)
HTTP/1.1 200 OK
Content-Type: application/json; charset=utf-8
cache-control: no-cache
content-length: 88

22:30:35.298 [AsyncHttpClient-1-5] DEBUG org.asynchttpclient.netty.channel.ChannelManager - Adding key: http://localhost:61462 for channel [id: 0x1d78a6f8, L:/127.0.0.1:60255 - R:localhost/127.0.0.1:61462]
22:30:35.299 [Forwarding clickElement on session 7faa2ce756f0e63d8a8e66b94b5e5cc5 to remote] DEBUG org.asynchttpclient.netty.request.NettyRequestSender - Using pooled Channel '[id: 0x1d78a6f8, L:/127.0.0.1:60255 - R:localhost/127.0.0.1:61462]' for 'POST' to 'http://localhost:61462/session/7faa2ce756f0e63d8a8e66b94b5e5cc5/element/c45ae2b9-c2ec-49ab-80ab-d6a772484774/click'
22:30:35.299 [Forwarding clickElement on session 7faa2ce756f0e63d8a8e66b94b5e5cc5 to remote] DEBUG org.asynchttpclient.netty.request.NettyRequestSender - Using open Channel [id: 0x1d78a6f8, L:/127.0.0.1:60255 - R:localhost/127.0.0.1:61462] for POST '/session/7faa2ce756f0e63d8a8e66b94b5e5cc5/element/c45ae2b9-c2ec-49ab-80ab-d6a772484774/click'
22:30:35.601 [AsyncHttpClient-1-5] DEBUG org.asynchttpclient.netty.handler.HttpHandler - 

Request DefaultHttpRequest(decodeResult: success, version: HTTP/1.1)
POST /session/7faa2ce756f0e63d8a8e66b94b5e5cc5/element/c45ae2b9-c2ec-49ab-80ab-d6a772484774/click HTTP/1.1
User-Agent: selenium/4.3.0 (java windows)
Content-Length: 50
Content-Type: application/json; charset=utf-8
host: localhost:61462
accept: */*

Response DefaultHttpResponse(decodeResult: success, version: HTTP/1.1)
HTTP/1.1 200 OK
Content-Type: application/json; charset=utf-8
cache-control: no-cache
content-length: 14

22:30:35.601 [AsyncHttpClient-1-5] DEBUG org.asynchttpclient.netty.channel.ChannelManager - Adding key: http://localhost:61462 for channel [id: 0x1d78a6f8, L:/127.0.0.1:60255 - R:localhost/127.0.0.1:61462]
22:30:35.602 [Forwarding findElement on session 7faa2ce756f0e63d8a8e66b94b5e5cc5 to remote] DEBUG org.asynchttpclient.netty.request.NettyRequestSender - Using pooled Channel '[id: 0x1d78a6f8, L:/127.0.0.1:60255 - R:localhost/127.0.0.1:61462]' for 'POST' to 'http://localhost:61462/session/7faa2ce756f0e63d8a8e66b94b5e5cc5/element'
22:30:35.602 [Forwarding findElement on session 7faa2ce756f0e63d8a8e66b94b5e5cc5 to remote] DEBUG org.asynchttpclient.netty.request.NettyRequestSender - Using open Channel [id: 0x1d78a6f8, L:/127.0.0.1:60255 - R:localhost/127.0.0.1:61462] for POST '/session/7faa2ce756f0e63d8a8e66b94b5e5cc5/element'
22:30:35.613 [AsyncHttpClient-1-5] DEBUG org.asynchttpclient.netty.handler.HttpHandler - 

Request DefaultHttpRequest(decodeResult: success, version: HTTP/1.1)
POST /session/7faa2ce756f0e63d8a8e66b94b5e5cc5/element HTTP/1.1
User-Agent: selenium/4.3.0 (java windows)
Content-Length: 115
Content-Type: application/json; charset=utf-8
host: localhost:61462
accept: */*

Response DefaultHttpResponse(decodeResult: success, version: HTTP/1.1)
HTTP/1.1 200 OK
Content-Type: application/json; charset=utf-8
cache-control: no-cache
content-length: 88

22:30:35.614 [AsyncHttpClient-1-5] DEBUG org.asynchttpclient.netty.channel.ChannelManager - Adding key: http://localhost:61462 for channel [id: 0x1d78a6f8, L:/127.0.0.1:60255 - R:localhost/127.0.0.1:61462]
22:30:35.615 [Forwarding clickElement on session 7faa2ce756f0e63d8a8e66b94b5e5cc5 to remote] DEBUG org.asynchttpclient.netty.request.NettyRequestSender - Using pooled Channel '[id: 0x1d78a6f8, L:/127.0.0.1:60255 - R:localhost/127.0.0.1:61462]' for 'POST' to 'http://localhost:61462/session/7faa2ce756f0e63d8a8e66b94b5e5cc5/element/65e513f8-2d0f-482d-9b97-10c4ae33ee84/click'
22:30:35.615 [Forwarding clickElement on session 7faa2ce756f0e63d8a8e66b94b5e5cc5 to remote] DEBUG org.asynchttpclient.netty.request.NettyRequestSender - Using open Channel [id: 0x1d78a6f8, L:/127.0.0.1:60255 - R:localhost/127.0.0.1:61462] for POST '/session/7faa2ce756f0e63d8a8e66b94b5e5cc5/element/65e513f8-2d0f-482d-9b97-10c4ae33ee84/click'
22:30:35.657 [AsyncHttpClient-1-5] DEBUG org.asynchttpclient.netty.handler.HttpHandler - 

Request DefaultHttpRequest(decodeResult: success, version: HTTP/1.1)
POST /session/7faa2ce756f0e63d8a8e66b94b5e5cc5/element/65e513f8-2d0f-482d-9b97-10c4ae33ee84/click HTTP/1.1
User-Agent: selenium/4.3.0 (java windows)
Content-Length: 50
Content-Type: application/json; charset=utf-8
host: localhost:61462
accept: */*

Response DefaultHttpResponse(decodeResult: success, version: HTTP/1.1)
HTTP/1.1 200 OK
Content-Type: application/json; charset=utf-8
cache-control: no-cache
content-length: 14

22:30:35.657 [AsyncHttpClient-1-5] DEBUG org.asynchttpclient.netty.channel.ChannelManager - Adding key: http://localhost:61462 for channel [id: 0x1d78a6f8, L:/127.0.0.1:60255 - R:localhost/127.0.0.1:61462]
22:30:35.658 [Forwarding findElement on session 7faa2ce756f0e63d8a8e66b94b5e5cc5 to remote] DEBUG org.asynchttpclient.netty.request.NettyRequestSender - Using pooled Channel '[id: 0x1d78a6f8, L:/127.0.0.1:60255 - R:localhost/127.0.0.1:61462]' for 'POST' to 'http://localhost:61462/session/7faa2ce756f0e63d8a8e66b94b5e5cc5/element'
22:30:35.659 [Forwarding findElement on session 7faa2ce756f0e63d8a8e66b94b5e5cc5 to remote] DEBUG org.asynchttpclient.netty.request.NettyRequestSender - Using open Channel [id: 0x1d78a6f8, L:/127.0.0.1:60255 - R:localhost/127.0.0.1:61462] for POST '/session/7faa2ce756f0e63d8a8e66b94b5e5cc5/element'
22:30:35.667 [AsyncHttpClient-1-5] DEBUG org.asynchttpclient.netty.handler.HttpHandler - 

Request DefaultHttpRequest(decodeResult: success, version: HTTP/1.1)
POST /session/7faa2ce756f0e63d8a8e66b94b5e5cc5/element HTTP/1.1
User-Agent: selenium/4.3.0 (java windows)
Content-Length: 115
Content-Type: application/json; charset=utf-8
host: localhost:61462
accept: */*

Response DefaultHttpResponse(decodeResult: success, version: HTTP/1.1)
HTTP/1.1 200 OK
Content-Type: application/json; charset=utf-8
cache-control: no-cache
content-length: 88

22:30:35.667 [AsyncHttpClient-1-5] DEBUG org.asynchttpclient.netty.channel.ChannelManager - Adding key: http://localhost:61462 for channel [id: 0x1d78a6f8, L:/127.0.0.1:60255 - R:localhost/127.0.0.1:61462]
22:30:35.669 [Forwarding sendKeysToElement on session 7faa2ce756f0e63d8a8e66b94b5e5cc5 to remote] DEBUG org.asynchttpclient.netty.request.NettyRequestSender - Using pooled Channel '[id: 0x1d78a6f8, L:/127.0.0.1:60255 - R:localhost/127.0.0.1:61462]' for 'POST' to 'http://localhost:61462/session/7faa2ce756f0e63d8a8e66b94b5e5cc5/element/65e513f8-2d0f-482d-9b97-10c4ae33ee84/value'
22:30:35.669 [Forwarding sendKeysToElement on session 7faa2ce756f0e63d8a8e66b94b5e5cc5 to remote] DEBUG org.asynchttpclient.netty.request.NettyRequestSender - Using open Channel [id: 0x1d78a6f8, L:/127.0.0.1:60255 - R:localhost/127.0.0.1:61462] for POST '/session/7faa2ce756f0e63d8a8e66b94b5e5cc5/element/65e513f8-2d0f-482d-9b97-10c4ae33ee84/value'
22:30:35.716 [AsyncHttpClient-1-5] DEBUG org.asynchttpclient.netty.handler.HttpHandler - 

Request DefaultHttpRequest(decodeResult: success, version: HTTP/1.1)
POST /session/7faa2ce756f0e63d8a8e66b94b5e5cc5/element/65e513f8-2d0f-482d-9b97-10c4ae33ee84/value HTTP/1.1
User-Agent: selenium/4.3.0 (java windows)
Content-Length: 189
Content-Type: application/json; charset=utf-8
host: localhost:61462
accept: */*

Response DefaultHttpResponse(decodeResult: success, version: HTTP/1.1)
HTTP/1.1 200 OK
Content-Type: application/json; charset=utf-8
cache-control: no-cache
content-length: 14

22:30:35.716 [AsyncHttpClient-1-5] DEBUG org.asynchttpclient.netty.channel.ChannelManager - Adding key: http://localhost:61462 for channel [id: 0x1d78a6f8, L:/127.0.0.1:60255 - R:localhost/127.0.0.1:61462]
22:30:35.717 [Forwarding findElement on session 7faa2ce756f0e63d8a8e66b94b5e5cc5 to remote] DEBUG org.asynchttpclient.netty.request.NettyRequestSender - Using pooled Channel '[id: 0x1d78a6f8, L:/127.0.0.1:60255 - R:localhost/127.0.0.1:61462]' for 'POST' to 'http://localhost:61462/session/7faa2ce756f0e63d8a8e66b94b5e5cc5/element'
22:30:35.717 [Forwarding findElement on session 7faa2ce756f0e63d8a8e66b94b5e5cc5 to remote] DEBUG org.asynchttpclient.netty.request.NettyRequestSender - Using open Channel [id: 0x1d78a6f8, L:/127.0.0.1:60255 - R:localhost/127.0.0.1:61462] for POST '/session/7faa2ce756f0e63d8a8e66b94b5e5cc5/element'
22:30:35.729 [AsyncHttpClient-1-5] DEBUG org.asynchttpclient.netty.handler.HttpHandler - 

Request DefaultHttpRequest(decodeResult: success, version: HTTP/1.1)
POST /session/7faa2ce756f0e63d8a8e66b94b5e5cc5/element HTTP/1.1
User-Agent: selenium/4.3.0 (java windows)
Content-Length: 67
Content-Type: application/json; charset=utf-8
host: localhost:61462
accept: */*

Response DefaultHttpResponse(decodeResult: success, version: HTTP/1.1)
HTTP/1.1 200 OK
Content-Type: application/json; charset=utf-8
cache-control: no-cache
content-length: 88

22:30:35.729 [AsyncHttpClient-1-5] DEBUG org.asynchttpclient.netty.channel.ChannelManager - Adding key: http://localhost:61462 for channel [id: 0x1d78a6f8, L:/127.0.0.1:60255 - R:localhost/127.0.0.1:61462]
22:30:35.730 [Forwarding clickElement on session 7faa2ce756f0e63d8a8e66b94b5e5cc5 to remote] DEBUG org.asynchttpclient.netty.request.NettyRequestSender - Using pooled Channel '[id: 0x1d78a6f8, L:/127.0.0.1:60255 - R:localhost/127.0.0.1:61462]' for 'POST' to 'http://localhost:61462/session/7faa2ce756f0e63d8a8e66b94b5e5cc5/element/d2357dd0-2a6d-4db0-83c3-976fdb2b7dbc/click'
22:30:35.730 [Forwarding clickElement on session 7faa2ce756f0e63d8a8e66b94b5e5cc5 to remote] DEBUG org.asynchttpclient.netty.request.NettyRequestSender - Using open Channel [id: 0x1d78a6f8, L:/127.0.0.1:60255 - R:localhost/127.0.0.1:61462] for POST '/session/7faa2ce756f0e63d8a8e66b94b5e5cc5/element/d2357dd0-2a6d-4db0-83c3-976fdb2b7dbc/click'
22:30:36.115 [AsyncHttpClient-1-5] DEBUG org.asynchttpclient.netty.handler.HttpHandler - 

Request DefaultHttpRequest(decodeResult: success, version: HTTP/1.1)
POST /session/7faa2ce756f0e63d8a8e66b94b5e5cc5/element/d2357dd0-2a6d-4db0-83c3-976fdb2b7dbc/click HTTP/1.1
User-Agent: selenium/4.3.0 (java windows)
Content-Length: 50
Content-Type: application/json; charset=utf-8
host: localhost:61462
accept: */*

Response DefaultHttpResponse(decodeResult: success, version: HTTP/1.1)
HTTP/1.1 200 OK
Content-Type: application/json; charset=utf-8
cache-control: no-cache
content-length: 14

22:30:36.116 [AsyncHttpClient-1-5] DEBUG org.asynchttpclient.netty.channel.ChannelManager - Adding key: http://localhost:61462 for channel [id: 0x1d78a6f8, L:/127.0.0.1:60255 - R:localhost/127.0.0.1:61462]
22:30:36.117 [Forwarding findElement on session 7faa2ce756f0e63d8a8e66b94b5e5cc5 to remote] DEBUG org.asynchttpclient.netty.request.NettyRequestSender - Using pooled Channel '[id: 0x1d78a6f8, L:/127.0.0.1:60255 - R:localhost/127.0.0.1:61462]' for 'POST' to 'http://localhost:61462/session/7faa2ce756f0e63d8a8e66b94b5e5cc5/element'
22:30:36.117 [Forwarding findElement on session 7faa2ce756f0e63d8a8e66b94b5e5cc5 to remote] DEBUG org.asynchttpclient.netty.request.NettyRequestSender - Using open Channel [id: 0x1d78a6f8, L:/127.0.0.1:60255 - R:localhost/127.0.0.1:61462] for POST '/session/7faa2ce756f0e63d8a8e66b94b5e5cc5/element'
22:30:36.130 [AsyncHttpClient-1-5] DEBUG org.asynchttpclient.netty.handler.HttpHandler - 

Request DefaultHttpRequest(decodeResult: success, version: HTTP/1.1)
POST /session/7faa2ce756f0e63d8a8e66b94b5e5cc5/element HTTP/1.1
User-Agent: selenium/4.3.0 (java windows)
Content-Length: 121
Content-Type: application/json; charset=utf-8
host: localhost:61462
accept: */*

Response DefaultHttpResponse(decodeResult: success, version: HTTP/1.1)
HTTP/1.1 200 OK
Content-Type: application/json; charset=utf-8
cache-control: no-cache
content-length: 88

22:30:36.130 [AsyncHttpClient-1-5] DEBUG org.asynchttpclient.netty.channel.ChannelManager - Adding key: http://localhost:61462 for channel [id: 0x1d78a6f8, L:/127.0.0.1:60255 - R:localhost/127.0.0.1:61462]
22:30:36.133 [Forwarding isElementDisplayed on session 7faa2ce756f0e63d8a8e66b94b5e5cc5 to remote] DEBUG org.asynchttpclient.netty.request.NettyRequestSender - Using pooled Channel '[id: 0x1d78a6f8, L:/127.0.0.1:60255 - R:localhost/127.0.0.1:61462]' for 'POST' to 'http://localhost:61462/session/7faa2ce756f0e63d8a8e66b94b5e5cc5/execute/sync'
22:30:36.133 [Forwarding isElementDisplayed on session 7faa2ce756f0e63d8a8e66b94b5e5cc5 to remote] DEBUG org.asynchttpclient.netty.request.NettyRequestSender - Using open Channel [id: 0x1d78a6f8, L:/127.0.0.1:60255 - R:localhost/127.0.0.1:61462] for POST '/session/7faa2ce756f0e63d8a8e66b94b5e5cc5/execute/sync'
22:30:36.147 [AsyncHttpClient-1-5] DEBUG org.asynchttpclient.netty.handler.HttpHandler - 

Request DefaultHttpRequest(decodeResult: success, version: HTTP/1.1)
POST /session/7faa2ce756f0e63d8a8e66b94b5e5cc5/execute/sync HTTP/1.1
User-Agent: selenium/4.3.0 (java windows)
Content-Length: 48780
Content-Type: application/json; charset=utf-8
host: localhost:61462
accept: */*

Response DefaultHttpResponse(decodeResult: success, version: HTTP/1.1)
HTTP/1.1 200 OK
Content-Type: application/json; charset=utf-8
cache-control: no-cache
content-length: 14

22:30:36.147 [AsyncHttpClient-1-5] DEBUG org.asynchttpclient.netty.channel.ChannelManager - Adding key: http://localhost:61462 for channel [id: 0x1d78a6f8, L:/127.0.0.1:60255 - R:localhost/127.0.0.1:61462]
22:30:36.149 [Driver Command Executor] DEBUG org.asynchttpclient.netty.request.NettyRequestSender - Using pooled Channel '[id: 0x1d78a6f8, L:/127.0.0.1:60255 - R:localhost/127.0.0.1:61462]' for 'DELETE' to 'http://localhost:61462/session/7faa2ce756f0e63d8a8e66b94b5e5cc5'
22:30:36.149 [Driver Command Executor] DEBUG org.asynchttpclient.netty.request.NettyRequestSender - Using open Channel [id: 0x1d78a6f8, L:/127.0.0.1:60255 - R:localhost/127.0.0.1:61462] for DELETE '/session/7faa2ce756f0e63d8a8e66b94b5e5cc5'
22:30:36.149 [AsyncHttpClient-1-7] DEBUG org.asynchttpclient.netty.handler.WebSocketHandler - Channel Closed: [id: 0x4a659407, L:/127.0.0.1:60263 ! R:localhost/127.0.0.1:60256] with attribute NettyResponseFuture{currentRetry=0,
	isDone=1,
	isCancelled=0,
	asyncHandler=org.asynchttpclient.ws.WebSocketUpgradeHandler@5b0f6b69,
	nettyRequest=org.asynchttpclient.netty.request.NettyRequest@33500d97,
	future=java.util.concurrent.CompletableFuture@232d5032[Completed normally],
	uri=ws://localhost:60256/devtools/browser/b37cee54-ab6f-467f-a414-fbb2239e4f3e,
	keepAlive=true,
	redirectCount=0,
	timeoutsHolder=null,
	inAuth=0,
	touch=1660937423965}
22:30:36.149 [AsyncHttpClient-1-7] DEBUG org.asynchttpclient.netty.channel.ChannelManager - Closing Channel [id: 0x4a659407, L:/127.0.0.1:60263 ! R:localhost/127.0.0.1:60256] 
22:30:36.179 [AsyncHttpClient-1-6] DEBUG org.asynchttpclient.netty.handler.HttpHandler - Unexpected I/O exception on channel [id: 0xde78e562, L:/127.0.0.1:60262 - R:localhost/127.0.0.1:60256]
java.net.SocketException: Connection reset
	at java.base/sun.nio.ch.SocketChannelImpl.throwConnectionReset(SocketChannelImpl.java:394)
	at java.base/sun.nio.ch.SocketChannelImpl.read(SocketChannelImpl.java:426)
	at io.netty.buffer.PooledByteBuf.setBytes(PooledByteBuf.java:258)
	at io.netty.buffer.AbstractByteBuf.writeBytes(AbstractByteBuf.java:1132)
	at io.netty.channel.socket.nio.NioSocketChannel.doReadBytes(NioSocketChannel.java:357)
	at io.netty.channel.nio.AbstractNioByteChannel$NioByteUnsafe.read(AbstractNioByteChannel.java:151)
	at io.netty.channel.nio.NioEventLoop.processSelectedKey(NioEventLoop.java:722)
	at io.netty.channel.nio.NioEventLoop.processSelectedKeysOptimized(NioEventLoop.java:658)
	at io.netty.channel.nio.NioEventLoop.processSelectedKeys(NioEventLoop.java:584)
	at io.netty.channel.nio.NioEventLoop.run(NioEventLoop.java:496)
	at io.netty.util.concurrent.SingleThreadEventExecutor$4.run(SingleThreadEventExecutor.java:997)
	at io.netty.util.internal.ThreadExecutorMap$2.run(ThreadExecutorMap.java:74)
	at io.netty.util.concurrent.FastThreadLocalRunnable.run(FastThreadLocalRunnable.java:30)
	at java.base/java.lang.Thread.run(Thread.java:833)
22:30:36.179 [AsyncHttpClient-1-6] DEBUG org.asynchttpclient.netty.channel.ChannelManager - Closing Channel [id: 0xde78e562, L:/127.0.0.1:60262 - R:localhost/127.0.0.1:60256] 
22:30:36.180 [AsyncHttpClient-1-6] DEBUG org.asynchttpclient.netty.handler.HttpHandler - Channel Closed: [id: 0xde78e562, L:/127.0.0.1:60262 ! R:localhost/127.0.0.1:60256] with attribute DISCARD
22:30:36.193 [AsyncHttpClient-1-5] DEBUG org.asynchttpclient.netty.handler.HttpHandler - 

Request DefaultFullHttpRequest(decodeResult: success, version: HTTP/1.1, content: EmptyByteBufBE)
DELETE /session/7faa2ce756f0e63d8a8e66b94b5e5cc5 HTTP/1.1
User-Agent: selenium/4.3.0 (java windows)
Content-Type: application/json; charset=utf-8
host: localhost:61462
accept: */*

Response DefaultHttpResponse(decodeResult: success, version: HTTP/1.1)
HTTP/1.1 200 OK
Content-Type: application/json; charset=utf-8
cache-control: no-cache
content-length: 14

22:30:36.194 [AsyncHttpClient-1-5] DEBUG org.asynchttpclient.netty.channel.ChannelManager - Adding key: http://localhost:61462 for channel [id: 0x1d78a6f8, L:/127.0.0.1:60255 - R:localhost/127.0.0.1:61462]
22:30:36.285 [AsyncHttpClient-1-5] DEBUG org.asynchttpclient.netty.handler.HttpHandler - Channel Closed: [id: 0x1d78a6f8, L:/127.0.0.1:60255 ! R:localhost/127.0.0.1:61462] with attribute DISCARD
22:30:36.298 [AsyncHttpClient-1-1] DEBUG org.asynchttpclient.netty.channel.DefaultChannelPool - Entry count for : http://localhost:61462 : 1
22:30:36.298 [AsyncHttpClient-1-1] DEBUG org.asynchttpclient.netty.channel.DefaultChannelPool - Entry count for : http://localhost:60256 : 1
22:30:36.298 [AsyncHttpClient-1-1] DEBUG org.asynchttpclient.netty.channel.DefaultChannelPool - Adding Candidate expired Channel [id: 0x1d78a6f8, L:/127.0.0.1:60255 ! R:localhost/127.0.0.1:61462] isIdleTimeoutExpired=false isRemotelyClosed=true isTtlExpired=false
22:30:36.298 [AsyncHttpClient-1-1] DEBUG org.asynchttpclient.netty.channel.DefaultChannelPool - Closing Idle Channel [id: 0x1d78a6f8, L:/127.0.0.1:60255 ! R:localhost/127.0.0.1:61462]
22:30:36.298 [AsyncHttpClient-1-1] DEBUG org.asynchttpclient.netty.channel.DefaultChannelPool - Adding Candidate expired Channel [id: 0xde78e562, L:/127.0.0.1:60262 ! R:localhost/127.0.0.1:60256] isIdleTimeoutExpired=false isRemotelyClosed=true isTtlExpired=false
22:30:36.298 [AsyncHttpClient-1-1] DEBUG org.asynchttpclient.netty.channel.DefaultChannelPool - Closing Idle Channel [id: 0xde78e562, L:/127.0.0.1:60262 ! R:localhost/127.0.0.1:60256]
22:30:36.298 [AsyncHttpClient-1-1] DEBUG org.asynchttpclient.netty.channel.DefaultChannelPool - Closed 2 connections out of 2 in 0 ms
]]></system-out>
    <system-err><![CDATA[Starting ChromeDriver 104.0.5112.79 (3cf3e8c8a07d104b9e1260c910efb8f383285dc5-refs/branch-heads/5112@{#1307}) on port 61462
Only local connections are allowed.
Please see https://chromedriver.chromium.org/security-considerations for suggestions on keeping ChromeDriver safe.
ChromeDriver was started successfully.
авг. 19, 2022 10:30:23 PM org.openqa.selenium.remote.ProtocolHandshake createSession
INFO: Detected upstream dialect: W3C
авг. 19, 2022 10:30:23 PM org.openqa.selenium.devtools.CdpVersionFinder findNearestMatch
WARNING: Unable to find an exact match for CDP version 104, so returning the closest version found: 103
авг. 19, 2022 10:30:23 PM org.openqa.selenium.devtools.CdpVersionFinder findNearestMatch
INFO: Found CDP implementation for version 104 of 103
]]></system-err>
  </testcase>
</testsuite>