<?xml version="1.0" encoding="UTF-8"?>
<testsuite xmlns:xsi="http://www.w3.org/2001/XMLSchema-instance" xsi:noNamespaceSchemaLocation="https://maven.apache.org/surefire/maven-surefire-plugin/xsd/surefire-test-report-3.0.xsd" version="3.0" name="org.example.Homework5Test" time="24.9" tests="1" errors="0" skipped="0" failures="0">
  <properties>
[...]
</properties>
  <testcase name="GoToTheLibraryThroughTheNews" classname="org.example.Homework5Test" time="24.369">
    <system-out><![CDATA[22:29:58.309 [main] DEBUG io.github.bonigarcia.wdm.cache.ResolutionCache - Resolution chrome=104 in cache (valid until 23:21:17 19/08/2022 MSK)
22:29:58.314 [main] DEBUG io.github.bonigarcia.wdm.cache.ResolutionCache - Resolution chrome104=104.0.5112.79 in cache (valid until 21:16:53 20/08/2022 MSK)
22:29:58.314 [main] INFO io.github.bonigarcia.wdm.WebDriverManager - Using chromedriver 104.0.5112.79 (resolved driver for Chrome 104)
22:29:58.344 [main] DEBUG io.github.bonigarcia.wdm.WebDriverManager - Driver chromedriver 104.0.5112.79 found in cache
22:29:58.344 [main] INFO io.github.bonigarcia.wdm.WebDriverManager - Exporting webdriver.chrome.driver as C:\Users\uzer\.cache\selenium\chromedriver\win32\104.0.5112.79\chromedriver.exe
22:29:58.666 [main] DEBUG io.netty.util.internal.logging.InternalLoggerFactory - Using SLF4J as the default logging framework
22:29:58.674 [main] DEBUG io.netty.util.ResourceLeakDetector - -Dio.netty.leakDetection.level: simple
22:29:58.674 [main] DEBUG io.netty.util.ResourceLeakDetector - -Dio.netty.leakDetection.targetRecords: 4
22:29:58.681 [main] DEBUG io.netty.util.ResourceLeakDetectorFactory - Loaded default ResourceLeakDetector: io.netty.util.ResourceLeakDetector@5c4cc644
22:29:58.730 [main] DEBUG io.netty.util.internal.PlatformDependent0 - -Dio.netty.noUnsafe: false
22:29:58.730 [main] DEBUG io.netty.util.internal.PlatformDependent0 - Java version: 18
22:29:58.733 [main] DEBUG io.netty.util.internal.PlatformDependent0 - sun.misc.Unsafe.theUnsafe: available
22:29:58.734 [main] DEBUG io.netty.util.internal.PlatformDependent0 - sun.misc.Unsafe.copyMemory: available
22:29:58.735 [main] DEBUG io.netty.util.internal.PlatformDependent0 - sun.misc.Unsafe.storeFence: available
22:29:58.735 [main] DEBUG io.netty.util.internal.PlatformDependent0 - java.nio.Buffer.address: available
22:29:58.736 [main] DEBUG io.netty.util.internal.PlatformDependent0 - direct buffer constructor: unavailable: Reflective setAccessible(true) disabled
22:29:58.737 [main] DEBUG io.netty.util.internal.PlatformDependent0 - java.nio.Bits.unaligned: available, true
22:29:58.738 [main] DEBUG io.netty.util.internal.PlatformDependent0 - jdk.internal.misc.Unsafe.allocateUninitializedArray(int): unavailable: class io.netty.util.internal.PlatformDependent0$7 cannot access class jdk.internal.misc.Unsafe (in module java.base) because module java.base does not export jdk.internal.misc to unnamed module @299a06ac
22:29:58.741 [main] DEBUG io.netty.util.internal.PlatformDependent0 - java.nio.DirectByteBuffer.<init>(long, int): unavailable
22:29:58.741 [main] DEBUG io.netty.util.internal.PlatformDependent - sun.misc.Unsafe: available
22:29:58.742 [main] DEBUG io.netty.util.internal.PlatformDependent - maxDirectMemory: 1579155456 bytes (maybe)
22:29:58.743 [main] DEBUG io.netty.util.internal.PlatformDependent - -Dio.netty.tmpdir: C:\Users\uzer\AppData\Local\Temp (java.io.tmpdir)
22:29:58.743 [main] DEBUG io.netty.util.internal.PlatformDependent - -Dio.netty.bitMode: 64 (sun.arch.data.model)
22:29:58.743 [main] DEBUG io.netty.util.internal.PlatformDependent - Platform: Windows
22:29:58.744 [main] DEBUG io.netty.util.internal.PlatformDependent - -Dio.netty.maxDirectMemory: -1 bytes
22:29:58.744 [main] DEBUG io.netty.util.internal.PlatformDependent - -Dio.netty.uninitializedArrayAllocationThreshold: -1
22:29:58.746 [main] DEBUG io.netty.util.internal.CleanerJava9 - java.nio.ByteBuffer.cleaner(): available
22:29:58.747 [main] DEBUG io.netty.util.internal.PlatformDependent - -Dio.netty.noPreferDirect: false
22:29:58.780 [main] DEBUG io.netty.util.internal.PlatformDependent - org.jctools-core.MpscChunkedArrayQueue: available
22:29:58.872 [main] DEBUG io.netty.util.internal.InternalThreadLocalMap - -Dio.netty.threadLocalMap.stringBuilder.initialSize: 1024
22:29:58.873 [main] DEBUG io.netty.util.internal.InternalThreadLocalMap - -Dio.netty.threadLocalMap.stringBuilder.maxSize: 4096
22:29:58.969 [main] DEBUG io.netty.handler.ssl.JdkSslContext - Default protocols (JDK): [TLSv1.3, TLSv1.2] 
22:29:58.969 [main] DEBUG io.netty.handler.ssl.JdkSslContext - Default cipher suites (JDK): [TLS_ECDHE_ECDSA_WITH_AES_256_GCM_SHA384, TLS_ECDHE_ECDSA_WITH_AES_128_GCM_SHA256, TLS_ECDHE_RSA_WITH_AES_128_GCM_SHA256, TLS_ECDHE_RSA_WITH_AES_256_GCM_SHA384, TLS_ECDHE_RSA_WITH_AES_128_CBC_SHA, TLS_ECDHE_RSA_WITH_AES_256_CBC_SHA, TLS_RSA_WITH_AES_128_GCM_SHA256, TLS_RSA_WITH_AES_128_CBC_SHA, TLS_RSA_WITH_AES_256_CBC_SHA, TLS_AES_128_GCM_SHA256, TLS_AES_256_GCM_SHA384]
22:29:59.056 [main] DEBUG io.netty.channel.MultithreadEventLoopGroup - -Dio.netty.eventLoopThreads: 16
22:29:59.081 [main] DEBUG io.netty.channel.nio.NioEventLoop - -Dio.netty.noKeySetOptimization: false
22:29:59.081 [main] DEBUG io.netty.channel.nio.NioEventLoop - -Dio.netty.selectorAutoRebuildThreshold: 512
22:29:59.187 [main] DEBUG io.netty.buffer.PooledByteBufAllocator - -Dio.netty.allocator.numHeapArenas: 16
22:29:59.187 [main] DEBUG io.netty.buffer.PooledByteBufAllocator - -Dio.netty.allocator.numDirectArenas: 16
22:29:59.187 [main] DEBUG io.netty.buffer.PooledByteBufAllocator - -Dio.netty.allocator.pageSize: 8192
22:29:59.187 [main] DEBUG io.netty.buffer.PooledByteBufAllocator - -Dio.netty.allocator.maxOrder: 9
22:29:59.187 [main] DEBUG io.netty.buffer.PooledByteBufAllocator - -Dio.netty.allocator.chunkSize: 4194304
22:29:59.187 [main] DEBUG io.netty.buffer.PooledByteBufAllocator - -Dio.netty.allocator.smallCacheSize: 256
22:29:59.187 [main] DEBUG io.netty.buffer.PooledByteBufAllocator - -Dio.netty.allocator.normalCacheSize: 64
22:29:59.187 [main] DEBUG io.netty.buffer.PooledByteBufAllocator - -Dio.netty.allocator.maxCachedBufferCapacity: 32768
22:29:59.187 [main] DEBUG io.netty.buffer.PooledByteBufAllocator - -Dio.netty.allocator.cacheTrimInterval: 8192
22:29:59.188 [main] DEBUG io.netty.buffer.PooledByteBufAllocator - -Dio.netty.allocator.cacheTrimIntervalMillis: 0
22:29:59.188 [main] DEBUG io.netty.buffer.PooledByteBufAllocator - -Dio.netty.allocator.useCacheForAllThreads: false
22:29:59.188 [main] DEBUG io.netty.buffer.PooledByteBufAllocator - -Dio.netty.allocator.maxCachedByteBuffersPerChunk: 1023
22:29:59.219 [main] DEBUG io.netty.buffer.ByteBufUtil - -Dio.netty.allocator.type: pooled
22:29:59.219 [main] DEBUG io.netty.buffer.ByteBufUtil - -Dio.netty.threadLocalDirectBufferSize: 0
22:29:59.219 [main] DEBUG io.netty.buffer.ByteBufUtil - -Dio.netty.maxThreadLocalCharBufferSize: 16384
22:30:00.049 [Forwarding newSession on session null to remote] DEBUG io.netty.channel.DefaultChannelId - -Dio.netty.processId: 20032 (auto-detected)
22:30:00.052 [Forwarding newSession on session null to remote] DEBUG io.netty.util.NetUtil - -Djava.net.preferIPv4Stack: false
22:30:00.052 [Forwarding newSession on session null to remote] DEBUG io.netty.util.NetUtil - -Djava.net.preferIPv6Addresses: false
22:30:00.067 [Forwarding newSession on session null to remote] DEBUG io.netty.util.NetUtilInitializations - Loopback interface: lo (Software Loopback Interface 1, 127.0.0.1)
22:30:00.068 [Forwarding newSession on session null to remote] DEBUG io.netty.util.NetUtil - Failed to get SOMAXCONN from sysctl and file \proc\sys\net\core\somaxconn. Default: 200
22:30:00.119 [Forwarding newSession on session null to remote] DEBUG io.netty.channel.DefaultChannelId - -Dio.netty.machineId: 98:22:ef:ff:fe:8b:ee:07 (auto-detected)
22:30:00.204 [AsyncHttpClient-1-2] DEBUG io.netty.buffer.AbstractByteBuf - -Dio.netty.buffer.checkAccessible: true
22:30:00.204 [AsyncHttpClient-1-2] DEBUG io.netty.buffer.AbstractByteBuf - -Dio.netty.buffer.checkBounds: true
22:30:00.204 [AsyncHttpClient-1-2] DEBUG io.netty.util.ResourceLeakDetectorFactory - Loaded default ResourceLeakDetector: io.netty.util.ResourceLeakDetector@2dcf7aef
22:30:00.221 [AsyncHttpClient-1-2] DEBUG org.asynchttpclient.netty.channel.NettyConnectListener - Using new Channel '[id: 0x1d4ff175, L:/127.0.0.1:60158 - R:localhost/127.0.0.1:53504]' for 'POST' to '/session'
22:30:00.250 [AsyncHttpClient-1-2] DEBUG io.netty.util.Recycler - -Dio.netty.recycler.maxCapacityPerThread: 4096
22:30:00.250 [AsyncHttpClient-1-2] DEBUG io.netty.util.Recycler - -Dio.netty.recycler.ratio: 8
22:30:00.250 [AsyncHttpClient-1-2] DEBUG io.netty.util.Recycler - -Dio.netty.recycler.chunkSize: 32
22:30:00.250 [AsyncHttpClient-1-2] DEBUG io.netty.util.Recycler - -Dio.netty.recycler.blocking: false
22:30:01.167 [AsyncHttpClient-1-2] DEBUG io.netty.handler.codec.compression.Brotli - brotli4j not in the classpath; Brotli support will be unavailable.
22:30:01.168 [AsyncHttpClient-1-2] DEBUG org.asynchttpclient.netty.handler.HttpHandler - 

Request DefaultHttpRequest(decodeResult: success, version: HTTP/1.1)
POST /session HTTP/1.1
User-Agent: selenium/4.3.0 (java windows)
Content-Length: 365
Content-Type: application/json; charset=utf-8
host: localhost:53504
accept: */*

Response DefaultHttpResponse(decodeResult: success, version: HTTP/1.1)
HTTP/1.1 200 OK
Content-Type: application/json; charset=utf-8
cache-control: no-cache
content-length: 789

22:30:01.182 [AsyncHttpClient-1-2] DEBUG org.asynchttpclient.netty.channel.ChannelManager - Adding key: http://localhost:53504 for channel [id: 0x1d4ff175, L:/127.0.0.1:60158 - R:localhost/127.0.0.1:53504]
22:30:01.382 [AsyncHttpClient-1-3] DEBUG org.asynchttpclient.netty.channel.NettyConnectListener - Using new Channel '[id: 0xfda3aa52, L:/127.0.0.1:60166 - R:localhost/127.0.0.1:60159]' for 'GET' to '/json/version'
22:30:01.390 [AsyncHttpClient-1-3] DEBUG org.asynchttpclient.netty.handler.HttpHandler - 

Request DefaultFullHttpRequest(decodeResult: success, version: HTTP/1.1, content: EmptyByteBufBE)
GET /json/version HTTP/1.1
User-Agent: selenium/4.3.0 (java windows)
host: localhost:60159
accept: */*

Response DefaultHttpResponse(decodeResult: success, version: HTTP/1.1)
HTTP/1.1 200 OK
Content-Type: application/json; charset=UTF-8
content-length: 427

22:30:01.390 [AsyncHttpClient-1-3] DEBUG org.asynchttpclient.netty.channel.ChannelManager - Adding key: http://localhost:60159 for channel [id: 0xfda3aa52, L:/127.0.0.1:60166 - R:localhost/127.0.0.1:60159]
22:30:01.406 [main] DEBUG io.netty.util.internal.ThreadLocalRandom - -Dio.netty.initialSeedUniquifier: 0xc0cb02263550e3c6
22:30:01.412 [AsyncHttpClient-1-4] DEBUG org.asynchttpclient.netty.channel.NettyConnectListener - Using new Channel '[id: 0x4f2fcb55, L:/127.0.0.1:60167 - R:localhost/127.0.0.1:60159]' for 'GET' to '/devtools/browser/fce214c7-d88f-4fb6-9a61-03f019a8924f'
22:30:01.417 [AsyncHttpClient-1-4] DEBUG org.asynchttpclient.netty.handler.WebSocketHandler - 

Request DefaultFullHttpRequest(decodeResult: success, version: HTTP/1.1, content: EmptyByteBufBE)
GET /devtools/browser/fce214c7-d88f-4fb6-9a61-03f019a8924f HTTP/1.1
upgrade: websocket
connection: upgrade
sec-websocket-key: vOR6YAKSkAvnJXOZueeQXQ==
sec-websocket-version: 13
origin: http://localhost:60159
host: localhost:60159
accept: */*
user-agent: AHC/2.1

Response DefaultHttpResponse(decodeResult: success, version: HTTP/1.1)
HTTP/1.1 101 WebSocket Protocol Handshake
Upgrade: WebSocket
Connection: Upgrade
Sec-WebSocket-Accept: gRNW0XpqbUypkGGgsv53rK0maBs=

22:30:01.511 [Forwarding get on session 3be62cb2105c21390a69360ee5850393 to remote] DEBUG org.asynchttpclient.netty.request.NettyRequestSender - Using pooled Channel '[id: 0x1d4ff175, L:/127.0.0.1:60158 - R:localhost/127.0.0.1:53504]' for 'POST' to 'http://localhost:53504/session/3be62cb2105c21390a69360ee5850393/url'
22:30:01.511 [Forwarding get on session 3be62cb2105c21390a69360ee5850393 to remote] DEBUG org.asynchttpclient.netty.request.NettyRequestSender - Using open Channel [id: 0x1d4ff175, L:/127.0.0.1:60158 - R:localhost/127.0.0.1:53504] for POST '/session/3be62cb2105c21390a69360ee5850393/url'
22:30:02.194 [AsyncHttpClient-1-1] DEBUG org.asynchttpclient.netty.channel.DefaultChannelPool - Entry count for : http://localhost:60159 : 1
22:30:03.300 [AsyncHttpClient-1-1] DEBUG org.asynchttpclient.netty.channel.DefaultChannelPool - Entry count for : http://localhost:60159 : 1
22:30:04.397 [AsyncHttpClient-1-1] DEBUG org.asynchttpclient.netty.channel.DefaultChannelPool - Entry count for : http://localhost:60159 : 1
22:30:05.493 [AsyncHttpClient-1-1] DEBUG org.asynchttpclient.netty.channel.DefaultChannelPool - Entry count for : http://localhost:60159 : 1
22:30:06.602 [AsyncHttpClient-1-1] DEBUG org.asynchttpclient.netty.channel.DefaultChannelPool - Entry count for : http://localhost:60159 : 1
22:30:07.698 [AsyncHttpClient-1-1] DEBUG org.asynchttpclient.netty.channel.DefaultChannelPool - Entry count for : http://localhost:60159 : 1
22:30:08.793 [AsyncHttpClient-1-1] DEBUG org.asynchttpclient.netty.channel.DefaultChannelPool - Entry count for : http://localhost:60159 : 1
22:30:09.898 [AsyncHttpClient-1-1] DEBUG org.asynchttpclient.netty.channel.DefaultChannelPool - Entry count for : http://localhost:60159 : 1
22:30:10.993 [AsyncHttpClient-1-1] DEBUG org.asynchttpclient.netty.channel.DefaultChannelPool - Entry count for : http://localhost:60159 : 1
22:30:12.095 [AsyncHttpClient-1-1] DEBUG org.asynchttpclient.netty.channel.DefaultChannelPool - Entry count for : http://localhost:60159 : 1
22:30:13.202 [AsyncHttpClient-1-1] DEBUG org.asynchttpclient.netty.channel.DefaultChannelPool - Entry count for : http://localhost:60159 : 1
22:30:14.295 [AsyncHttpClient-1-1] DEBUG org.asynchttpclient.netty.channel.DefaultChannelPool - Entry count for : http://localhost:60159 : 1
22:30:15.394 [AsyncHttpClient-1-1] DEBUG org.asynchttpclient.netty.channel.DefaultChannelPool - Entry count for : http://localhost:60159 : 1
22:30:16.433 [AsyncHttpClient-1-2] DEBUG org.asynchttpclient.netty.handler.HttpHandler - 

Request DefaultHttpRequest(decodeResult: success, version: HTTP/1.1)
POST /session/3be62cb2105c21390a69360ee5850393/url HTTP/1.1
User-Agent: selenium/4.3.0 (java windows)
Content-Length: 49
Content-Type: application/json; charset=utf-8
host: localhost:53504
accept: */*

Response DefaultHttpResponse(decodeResult: success, version: HTTP/1.1)
HTTP/1.1 200 OK
Content-Type: application/json; charset=utf-8
cache-control: no-cache
content-length: 14

22:30:16.434 [AsyncHttpClient-1-2] DEBUG org.asynchttpclient.netty.channel.ChannelManager - Adding key: http://localhost:53504 for channel [id: 0x1d4ff175, L:/127.0.0.1:60158 - R:localhost/127.0.0.1:53504]
22:30:16.439 [Forwarding findElement on session 3be62cb2105c21390a69360ee5850393 to remote] DEBUG org.asynchttpclient.netty.request.NettyRequestSender - Using pooled Channel '[id: 0x1d4ff175, L:/127.0.0.1:60158 - R:localhost/127.0.0.1:53504]' for 'POST' to 'http://localhost:53504/session/3be62cb2105c21390a69360ee5850393/element'
22:30:16.439 [Forwarding findElement on session 3be62cb2105c21390a69360ee5850393 to remote] DEBUG org.asynchttpclient.netty.request.NettyRequestSender - Using open Channel [id: 0x1d4ff175, L:/127.0.0.1:60158 - R:localhost/127.0.0.1:53504] for POST '/session/3be62cb2105c21390a69360ee5850393/element'
22:30:16.454 [AsyncHttpClient-1-2] DEBUG org.asynchttpclient.netty.handler.HttpHandler - 

Request DefaultHttpRequest(decodeResult: success, version: HTTP/1.1)
POST /session/3be62cb2105c21390a69360ee5850393/element HTTP/1.1
User-Agent: selenium/4.3.0 (java windows)
Content-Length: 117
Content-Type: application/json; charset=utf-8
host: localhost:53504
accept: */*

Response DefaultHttpResponse(decodeResult: success, version: HTTP/1.1)
HTTP/1.1 200 OK
Content-Type: application/json; charset=utf-8
cache-control: no-cache
content-length: 88

22:30:16.454 [AsyncHttpClient-1-2] DEBUG org.asynchttpclient.netty.channel.ChannelManager - Adding key: http://localhost:53504 for channel [id: 0x1d4ff175, L:/127.0.0.1:60158 - R:localhost/127.0.0.1:53504]
22:30:16.457 [Forwarding executeScript on session 3be62cb2105c21390a69360ee5850393 to remote] DEBUG org.asynchttpclient.netty.request.NettyRequestSender - Using pooled Channel '[id: 0x1d4ff175, L:/127.0.0.1:60158 - R:localhost/127.0.0.1:53504]' for 'POST' to 'http://localhost:53504/session/3be62cb2105c21390a69360ee5850393/execute/sync'
22:30:16.457 [Forwarding executeScript on session 3be62cb2105c21390a69360ee5850393 to remote] DEBUG org.asynchttpclient.netty.request.NettyRequestSender - Using open Channel [id: 0x1d4ff175, L:/127.0.0.1:60158 - R:localhost/127.0.0.1:53504] for POST '/session/3be62cb2105c21390a69360ee5850393/execute/sync'
22:30:16.464 [AsyncHttpClient-1-2] DEBUG org.asynchttpclient.netty.handler.HttpHandler - 

Request DefaultHttpRequest(decodeResult: success, version: HTTP/1.1)
POST /session/3be62cb2105c21390a69360ee5850393/execute/sync HTTP/1.1
User-Agent: selenium/4.3.0 (java windows)
Content-Length: 222
Content-Type: application/json; charset=utf-8
host: localhost:53504
accept: */*

Response DefaultHttpResponse(decodeResult: success, version: HTTP/1.1)
HTTP/1.1 200 OK
Content-Type: application/json; charset=utf-8
cache-control: no-cache
content-length: 14

22:30:16.464 [AsyncHttpClient-1-2] DEBUG org.asynchttpclient.netty.channel.ChannelManager - Adding key: http://localhost:53504 for channel [id: 0x1d4ff175, L:/127.0.0.1:60158 - R:localhost/127.0.0.1:53504]
22:30:16.466 [Forwarding findElement on session 3be62cb2105c21390a69360ee5850393 to remote] DEBUG org.asynchttpclient.netty.request.NettyRequestSender - Using pooled Channel '[id: 0x1d4ff175, L:/127.0.0.1:60158 - R:localhost/127.0.0.1:53504]' for 'POST' to 'http://localhost:53504/session/3be62cb2105c21390a69360ee5850393/element'
22:30:16.466 [Forwarding findElement on session 3be62cb2105c21390a69360ee5850393 to remote] DEBUG org.asynchttpclient.netty.request.NettyRequestSender - Using open Channel [id: 0x1d4ff175, L:/127.0.0.1:60158 - R:localhost/127.0.0.1:53504] for POST '/session/3be62cb2105c21390a69360ee5850393/element'
22:30:16.474 [AsyncHttpClient-1-2] DEBUG org.asynchttpclient.netty.handler.HttpHandler - 

Request DefaultHttpRequest(decodeResult: success, version: HTTP/1.1)
POST /session/3be62cb2105c21390a69360ee5850393/element HTTP/1.1
User-Agent: selenium/4.3.0 (java windows)
Content-Length: 117
Content-Type: application/json; charset=utf-8
host: localhost:53504
accept: */*

Response DefaultHttpResponse(decodeResult: success, version: HTTP/1.1)
HTTP/1.1 200 OK
Content-Type: application/json; charset=utf-8
cache-control: no-cache
content-length: 88

22:30:16.474 [AsyncHttpClient-1-2] DEBUG org.asynchttpclient.netty.channel.ChannelManager - Adding key: http://localhost:53504 for channel [id: 0x1d4ff175, L:/127.0.0.1:60158 - R:localhost/127.0.0.1:53504]
22:30:16.476 [Forwarding clickElement on session 3be62cb2105c21390a69360ee5850393 to remote] DEBUG org.asynchttpclient.netty.request.NettyRequestSender - Using pooled Channel '[id: 0x1d4ff175, L:/127.0.0.1:60158 - R:localhost/127.0.0.1:53504]' for 'POST' to 'http://localhost:53504/session/3be62cb2105c21390a69360ee5850393/element/96863a20-d2e7-4183-9181-a20ee2d26e18/click'
22:30:16.476 [Forwarding clickElement on session 3be62cb2105c21390a69360ee5850393 to remote] DEBUG org.asynchttpclient.netty.request.NettyRequestSender - Using open Channel [id: 0x1d4ff175, L:/127.0.0.1:60158 - R:localhost/127.0.0.1:53504] for POST '/session/3be62cb2105c21390a69360ee5850393/element/96863a20-d2e7-4183-9181-a20ee2d26e18/click'
22:30:16.494 [AsyncHttpClient-1-1] DEBUG org.asynchttpclient.netty.channel.DefaultChannelPool - Entry count for : http://localhost:60159 : 1
22:30:17.540 [AsyncHttpClient-1-2] DEBUG org.asynchttpclient.netty.handler.HttpHandler - 

Request DefaultHttpRequest(decodeResult: success, version: HTTP/1.1)
POST /session/3be62cb2105c21390a69360ee5850393/element/96863a20-d2e7-4183-9181-a20ee2d26e18/click HTTP/1.1
User-Agent: selenium/4.3.0 (java windows)
Content-Length: 50
Content-Type: application/json; charset=utf-8
host: localhost:53504
accept: */*

Response DefaultHttpResponse(decodeResult: success, version: HTTP/1.1)
HTTP/1.1 200 OK
Content-Type: application/json; charset=utf-8
cache-control: no-cache
content-length: 14

22:30:17.541 [AsyncHttpClient-1-2] DEBUG org.asynchttpclient.netty.channel.ChannelManager - Adding key: http://localhost:53504 for channel [id: 0x1d4ff175, L:/127.0.0.1:60158 - R:localhost/127.0.0.1:53504]
22:30:17.542 [Forwarding findElement on session 3be62cb2105c21390a69360ee5850393 to remote] DEBUG org.asynchttpclient.netty.request.NettyRequestSender - Using pooled Channel '[id: 0x1d4ff175, L:/127.0.0.1:60158 - R:localhost/127.0.0.1:53504]' for 'POST' to 'http://localhost:53504/session/3be62cb2105c21390a69360ee5850393/element'
22:30:17.543 [Forwarding findElement on session 3be62cb2105c21390a69360ee5850393 to remote] DEBUG org.asynchttpclient.netty.request.NettyRequestSender - Using open Channel [id: 0x1d4ff175, L:/127.0.0.1:60158 - R:localhost/127.0.0.1:53504] for POST '/session/3be62cb2105c21390a69360ee5850393/element'
22:30:17.555 [AsyncHttpClient-1-2] DEBUG org.asynchttpclient.netty.handler.HttpHandler - 

Request DefaultHttpRequest(decodeResult: success, version: HTTP/1.1)
POST /session/3be62cb2105c21390a69360ee5850393/element HTTP/1.1
User-Agent: selenium/4.3.0 (java windows)
Content-Length: 68
Content-Type: application/json; charset=utf-8
host: localhost:53504
accept: */*

Response DefaultHttpResponse(decodeResult: success, version: HTTP/1.1)
HTTP/1.1 200 OK
Content-Type: application/json; charset=utf-8
cache-control: no-cache
content-length: 88

22:30:17.555 [AsyncHttpClient-1-2] DEBUG org.asynchttpclient.netty.channel.ChannelManager - Adding key: http://localhost:53504 for channel [id: 0x1d4ff175, L:/127.0.0.1:60158 - R:localhost/127.0.0.1:53504]
22:30:17.557 [Forwarding clickElement on session 3be62cb2105c21390a69360ee5850393 to remote] DEBUG org.asynchttpclient.netty.request.NettyRequestSender - Using pooled Channel '[id: 0x1d4ff175, L:/127.0.0.1:60158 - R:localhost/127.0.0.1:53504]' for 'POST' to 'http://localhost:53504/session/3be62cb2105c21390a69360ee5850393/element/98a67341-a100-4ef8-a887-99c629567784/click'
22:30:17.557 [Forwarding clickElement on session 3be62cb2105c21390a69360ee5850393 to remote] DEBUG org.asynchttpclient.netty.request.NettyRequestSender - Using open Channel [id: 0x1d4ff175, L:/127.0.0.1:60158 - R:localhost/127.0.0.1:53504] for POST '/session/3be62cb2105c21390a69360ee5850393/element/98a67341-a100-4ef8-a887-99c629567784/click'
22:30:17.594 [AsyncHttpClient-1-1] DEBUG org.asynchttpclient.netty.channel.DefaultChannelPool - Entry count for : http://localhost:60159 : 1
22:30:18.698 [AsyncHttpClient-1-1] DEBUG org.asynchttpclient.netty.channel.DefaultChannelPool - Entry count for : http://localhost:60159 : 1
22:30:19.796 [AsyncHttpClient-1-1] DEBUG org.asynchttpclient.netty.channel.DefaultChannelPool - Entry count for : http://localhost:60159 : 1
22:30:20.903 [AsyncHttpClient-1-1] DEBUG org.asynchttpclient.netty.channel.DefaultChannelPool - Entry count for : http://localhost:60159 : 1
22:30:21.279 [AsyncHttpClient-1-2] DEBUG org.asynchttpclient.netty.handler.HttpHandler - 

Request DefaultHttpRequest(decodeResult: success, version: HTTP/1.1)
POST /session/3be62cb2105c21390a69360ee5850393/element/98a67341-a100-4ef8-a887-99c629567784/click HTTP/1.1
User-Agent: selenium/4.3.0 (java windows)
Content-Length: 50
Content-Type: application/json; charset=utf-8
host: localhost:53504
accept: */*

Response DefaultHttpResponse(decodeResult: success, version: HTTP/1.1)
HTTP/1.1 200 OK
Content-Type: application/json; charset=utf-8
cache-control: no-cache
content-length: 14

22:30:21.280 [AsyncHttpClient-1-2] DEBUG org.asynchttpclient.netty.channel.ChannelManager - Adding key: http://localhost:53504 for channel [id: 0x1d4ff175, L:/127.0.0.1:60158 - R:localhost/127.0.0.1:53504]
22:30:21.284 [Forwarding findElement on session 3be62cb2105c21390a69360ee5850393 to remote] DEBUG org.asynchttpclient.netty.request.NettyRequestSender - Using pooled Channel '[id: 0x1d4ff175, L:/127.0.0.1:60158 - R:localhost/127.0.0.1:53504]' for 'POST' to 'http://localhost:53504/session/3be62cb2105c21390a69360ee5850393/element'
22:30:21.285 [Forwarding findElement on session 3be62cb2105c21390a69360ee5850393 to remote] DEBUG org.asynchttpclient.netty.request.NettyRequestSender - Using open Channel [id: 0x1d4ff175, L:/127.0.0.1:60158 - R:localhost/127.0.0.1:53504] for POST '/session/3be62cb2105c21390a69360ee5850393/element'
22:30:21.303 [AsyncHttpClient-1-2] DEBUG org.asynchttpclient.netty.handler.HttpHandler - 

Request DefaultHttpRequest(decodeResult: success, version: HTTP/1.1)
POST /session/3be62cb2105c21390a69360ee5850393/element HTTP/1.1
User-Agent: selenium/4.3.0 (java windows)
Content-Length: 85
Content-Type: application/json; charset=utf-8
host: localhost:53504
accept: */*

Response DefaultHttpResponse(decodeResult: success, version: HTTP/1.1)
HTTP/1.1 200 OK
Content-Type: application/json; charset=utf-8
cache-control: no-cache
content-length: 88

22:30:21.303 [AsyncHttpClient-1-2] DEBUG org.asynchttpclient.netty.channel.ChannelManager - Adding key: http://localhost:53504 for channel [id: 0x1d4ff175, L:/127.0.0.1:60158 - R:localhost/127.0.0.1:53504]
22:30:21.305 [Forwarding clickElement on session 3be62cb2105c21390a69360ee5850393 to remote] DEBUG org.asynchttpclient.netty.request.NettyRequestSender - Using pooled Channel '[id: 0x1d4ff175, L:/127.0.0.1:60158 - R:localhost/127.0.0.1:53504]' for 'POST' to 'http://localhost:53504/session/3be62cb2105c21390a69360ee5850393/element/44ccd9ff-bdfa-4ba7-ba11-95a440e1c7cf/click'
22:30:21.305 [Forwarding clickElement on session 3be62cb2105c21390a69360ee5850393 to remote] DEBUG org.asynchttpclient.netty.request.NettyRequestSender - Using open Channel [id: 0x1d4ff175, L:/127.0.0.1:60158 - R:localhost/127.0.0.1:53504] for POST '/session/3be62cb2105c21390a69360ee5850393/element/44ccd9ff-bdfa-4ba7-ba11-95a440e1c7cf/click'
22:30:21.775 [AsyncHttpClient-1-2] DEBUG org.asynchttpclient.netty.handler.HttpHandler - 

Request DefaultHttpRequest(decodeResult: success, version: HTTP/1.1)
POST /session/3be62cb2105c21390a69360ee5850393/element/44ccd9ff-bdfa-4ba7-ba11-95a440e1c7cf/click HTTP/1.1
User-Agent: selenium/4.3.0 (java windows)
Content-Length: 50
Content-Type: application/json; charset=utf-8
host: localhost:53504
accept: */*

Response DefaultHttpResponse(decodeResult: success, version: HTTP/1.1)
HTTP/1.1 200 OK
Content-Type: application/json; charset=utf-8
cache-control: no-cache
content-length: 14

22:30:21.775 [AsyncHttpClient-1-2] DEBUG org.asynchttpclient.netty.channel.ChannelManager - Adding key: http://localhost:53504 for channel [id: 0x1d4ff175, L:/127.0.0.1:60158 - R:localhost/127.0.0.1:53504]
22:30:21.777 [Forwarding findElement on session 3be62cb2105c21390a69360ee5850393 to remote] DEBUG org.asynchttpclient.netty.request.NettyRequestSender - Using pooled Channel '[id: 0x1d4ff175, L:/127.0.0.1:60158 - R:localhost/127.0.0.1:53504]' for 'POST' to 'http://localhost:53504/session/3be62cb2105c21390a69360ee5850393/element'
22:30:21.777 [Forwarding findElement on session 3be62cb2105c21390a69360ee5850393 to remote] DEBUG org.asynchttpclient.netty.request.NettyRequestSender - Using open Channel [id: 0x1d4ff175, L:/127.0.0.1:60158 - R:localhost/127.0.0.1:53504] for POST '/session/3be62cb2105c21390a69360ee5850393/element'
22:30:21.787 [AsyncHttpClient-1-2] DEBUG org.asynchttpclient.netty.handler.HttpHandler - 

Request DefaultHttpRequest(decodeResult: success, version: HTTP/1.1)
POST /session/3be62cb2105c21390a69360ee5850393/element HTTP/1.1
User-Agent: selenium/4.3.0 (java windows)
Content-Length: 115
Content-Type: application/json; charset=utf-8
host: localhost:53504
accept: */*

Response DefaultHttpResponse(decodeResult: success, version: HTTP/1.1)
HTTP/1.1 200 OK
Content-Type: application/json; charset=utf-8
cache-control: no-cache
content-length: 88

22:30:21.787 [AsyncHttpClient-1-2] DEBUG org.asynchttpclient.netty.channel.ChannelManager - Adding key: http://localhost:53504 for channel [id: 0x1d4ff175, L:/127.0.0.1:60158 - R:localhost/127.0.0.1:53504]
22:30:21.789 [Forwarding clickElement on session 3be62cb2105c21390a69360ee5850393 to remote] DEBUG org.asynchttpclient.netty.request.NettyRequestSender - Using pooled Channel '[id: 0x1d4ff175, L:/127.0.0.1:60158 - R:localhost/127.0.0.1:53504]' for 'POST' to 'http://localhost:53504/session/3be62cb2105c21390a69360ee5850393/element/129f7067-badb-472b-8686-67d0054b2543/click'
22:30:21.789 [Forwarding clickElement on session 3be62cb2105c21390a69360ee5850393 to remote] DEBUG org.asynchttpclient.netty.request.NettyRequestSender - Using open Channel [id: 0x1d4ff175, L:/127.0.0.1:60158 - R:localhost/127.0.0.1:53504] for POST '/session/3be62cb2105c21390a69360ee5850393/element/129f7067-badb-472b-8686-67d0054b2543/click'
22:30:21.837 [AsyncHttpClient-1-2] DEBUG org.asynchttpclient.netty.handler.HttpHandler - 

Request DefaultHttpRequest(decodeResult: success, version: HTTP/1.1)
POST /session/3be62cb2105c21390a69360ee5850393/element/129f7067-badb-472b-8686-67d0054b2543/click HTTP/1.1
User-Agent: selenium/4.3.0 (java windows)
Content-Length: 50
Content-Type: application/json; charset=utf-8
host: localhost:53504
accept: */*

Response DefaultHttpResponse(decodeResult: success, version: HTTP/1.1)
HTTP/1.1 200 OK
Content-Type: application/json; charset=utf-8
cache-control: no-cache
content-length: 14

22:30:21.837 [AsyncHttpClient-1-2] DEBUG org.asynchttpclient.netty.channel.ChannelManager - Adding key: http://localhost:53504 for channel [id: 0x1d4ff175, L:/127.0.0.1:60158 - R:localhost/127.0.0.1:53504]
22:30:21.840 [Forwarding findElement on session 3be62cb2105c21390a69360ee5850393 to remote] DEBUG org.asynchttpclient.netty.request.NettyRequestSender - Using pooled Channel '[id: 0x1d4ff175, L:/127.0.0.1:60158 - R:localhost/127.0.0.1:53504]' for 'POST' to 'http://localhost:53504/session/3be62cb2105c21390a69360ee5850393/element'
22:30:21.840 [Forwarding findElement on session 3be62cb2105c21390a69360ee5850393 to remote] DEBUG org.asynchttpclient.netty.request.NettyRequestSender - Using open Channel [id: 0x1d4ff175, L:/127.0.0.1:60158 - R:localhost/127.0.0.1:53504] for POST '/session/3be62cb2105c21390a69360ee5850393/element'
22:30:21.849 [AsyncHttpClient-1-2] DEBUG org.asynchttpclient.netty.handler.HttpHandler - 

Request DefaultHttpRequest(decodeResult: success, version: HTTP/1.1)
POST /session/3be62cb2105c21390a69360ee5850393/element HTTP/1.1
User-Agent: selenium/4.3.0 (java windows)
Content-Length: 115
Content-Type: application/json; charset=utf-8
host: localhost:53504
accept: */*

Response DefaultHttpResponse(decodeResult: success, version: HTTP/1.1)
HTTP/1.1 200 OK
Content-Type: application/json; charset=utf-8
cache-control: no-cache
content-length: 88

22:30:21.850 [AsyncHttpClient-1-2] DEBUG org.asynchttpclient.netty.channel.ChannelManager - Adding key: http://localhost:53504 for channel [id: 0x1d4ff175, L:/127.0.0.1:60158 - R:localhost/127.0.0.1:53504]
22:30:21.853 [Forwarding sendKeysToElement on session 3be62cb2105c21390a69360ee5850393 to remote] DEBUG org.asynchttpclient.netty.request.NettyRequestSender - Using pooled Channel '[id: 0x1d4ff175, L:/127.0.0.1:60158 - R:localhost/127.0.0.1:53504]' for 'POST' to 'http://localhost:53504/session/3be62cb2105c21390a69360ee5850393/element/129f7067-badb-472b-8686-67d0054b2543/value'
22:30:21.854 [Forwarding sendKeysToElement on session 3be62cb2105c21390a69360ee5850393 to remote] DEBUG org.asynchttpclient.netty.request.NettyRequestSender - Using open Channel [id: 0x1d4ff175, L:/127.0.0.1:60158 - R:localhost/127.0.0.1:53504] for POST '/session/3be62cb2105c21390a69360ee5850393/element/129f7067-badb-472b-8686-67d0054b2543/value'
22:30:21.893 [AsyncHttpClient-1-2] DEBUG org.asynchttpclient.netty.handler.HttpHandler - 

Request DefaultHttpRequest(decodeResult: success, version: HTTP/1.1)
POST /session/3be62cb2105c21390a69360ee5850393/element/129f7067-badb-472b-8686-67d0054b2543/value HTTP/1.1
User-Agent: selenium/4.3.0 (java windows)
Content-Length: 189
Content-Type: application/json; charset=utf-8
host: localhost:53504
accept: */*

Response DefaultHttpResponse(decodeResult: success, version: HTTP/1.1)
HTTP/1.1 200 OK
Content-Type: application/json; charset=utf-8
cache-control: no-cache
content-length: 14

22:30:21.893 [AsyncHttpClient-1-2] DEBUG org.asynchttpclient.netty.channel.ChannelManager - Adding key: http://localhost:53504 for channel [id: 0x1d4ff175, L:/127.0.0.1:60158 - R:localhost/127.0.0.1:53504]
22:30:21.895 [Forwarding findElement on session 3be62cb2105c21390a69360ee5850393 to remote] DEBUG org.asynchttpclient.netty.request.NettyRequestSender - Using pooled Channel '[id: 0x1d4ff175, L:/127.0.0.1:60158 - R:localhost/127.0.0.1:53504]' for 'POST' to 'http://localhost:53504/session/3be62cb2105c21390a69360ee5850393/element'
22:30:21.895 [Forwarding findElement on session 3be62cb2105c21390a69360ee5850393 to remote] DEBUG org.asynchttpclient.netty.request.NettyRequestSender - Using open Channel [id: 0x1d4ff175, L:/127.0.0.1:60158 - R:localhost/127.0.0.1:53504] for POST '/session/3be62cb2105c21390a69360ee5850393/element'
22:30:21.907 [AsyncHttpClient-1-2] DEBUG org.asynchttpclient.netty.handler.HttpHandler - 

Request DefaultHttpRequest(decodeResult: success, version: HTTP/1.1)
POST /session/3be62cb2105c21390a69360ee5850393/element HTTP/1.1
User-Agent: selenium/4.3.0 (java windows)
Content-Length: 67
Content-Type: application/json; charset=utf-8
host: localhost:53504
accept: */*

Response DefaultHttpResponse(decodeResult: success, version: HTTP/1.1)
HTTP/1.1 200 OK
Content-Type: application/json; charset=utf-8
cache-control: no-cache
content-length: 88

22:30:21.908 [AsyncHttpClient-1-2] DEBUG org.asynchttpclient.netty.channel.ChannelManager - Adding key: http://localhost:53504 for channel [id: 0x1d4ff175, L:/127.0.0.1:60158 - R:localhost/127.0.0.1:53504]
22:30:21.910 [Forwarding clickElement on session 3be62cb2105c21390a69360ee5850393 to remote] DEBUG org.asynchttpclient.netty.request.NettyRequestSender - Using pooled Channel '[id: 0x1d4ff175, L:/127.0.0.1:60158 - R:localhost/127.0.0.1:53504]' for 'POST' to 'http://localhost:53504/session/3be62cb2105c21390a69360ee5850393/element/8b58d6b8-7752-4724-b3ec-13a88f3ca450/click'
22:30:21.910 [Forwarding clickElement on session 3be62cb2105c21390a69360ee5850393 to remote] DEBUG org.asynchttpclient.netty.request.NettyRequestSender - Using open Channel [id: 0x1d4ff175, L:/127.0.0.1:60158 - R:localhost/127.0.0.1:53504] for POST '/session/3be62cb2105c21390a69360ee5850393/element/8b58d6b8-7752-4724-b3ec-13a88f3ca450/click'
22:30:21.994 [AsyncHttpClient-1-1] DEBUG org.asynchttpclient.netty.channel.DefaultChannelPool - Entry count for : http://localhost:60159 : 1
22:30:22.390 [AsyncHttpClient-1-2] DEBUG org.asynchttpclient.netty.handler.HttpHandler - 

Request DefaultHttpRequest(decodeResult: success, version: HTTP/1.1)
POST /session/3be62cb2105c21390a69360ee5850393/element/8b58d6b8-7752-4724-b3ec-13a88f3ca450/click HTTP/1.1
User-Agent: selenium/4.3.0 (java windows)
Content-Length: 50
Content-Type: application/json; charset=utf-8
host: localhost:53504
accept: */*

Response DefaultHttpResponse(decodeResult: success, version: HTTP/1.1)
HTTP/1.1 200 OK
Content-Type: application/json; charset=utf-8
cache-control: no-cache
content-length: 14

22:30:22.390 [AsyncHttpClient-1-2] DEBUG org.asynchttpclient.netty.channel.ChannelManager - Adding key: http://localhost:53504 for channel [id: 0x1d4ff175, L:/127.0.0.1:60158 - R:localhost/127.0.0.1:53504]
22:30:22.395 [Forwarding findElement on session 3be62cb2105c21390a69360ee5850393 to remote] DEBUG org.asynchttpclient.netty.request.NettyRequestSender - Using pooled Channel '[id: 0x1d4ff175, L:/127.0.0.1:60158 - R:localhost/127.0.0.1:53504]' for 'POST' to 'http://localhost:53504/session/3be62cb2105c21390a69360ee5850393/element'
22:30:22.396 [Forwarding findElement on session 3be62cb2105c21390a69360ee5850393 to remote] DEBUG org.asynchttpclient.netty.request.NettyRequestSender - Using open Channel [id: 0x1d4ff175, L:/127.0.0.1:60158 - R:localhost/127.0.0.1:53504] for POST '/session/3be62cb2105c21390a69360ee5850393/element'
22:30:22.407 [AsyncHttpClient-1-2] DEBUG org.asynchttpclient.netty.handler.HttpHandler - 

Request DefaultHttpRequest(decodeResult: success, version: HTTP/1.1)
POST /session/3be62cb2105c21390a69360ee5850393/element HTTP/1.1
User-Agent: selenium/4.3.0 (java windows)
Content-Length: 121
Content-Type: application/json; charset=utf-8
host: localhost:53504
accept: */*

Response DefaultHttpResponse(decodeResult: success, version: HTTP/1.1)
HTTP/1.1 200 OK
Content-Type: application/json; charset=utf-8
cache-control: no-cache
content-length: 88

22:30:22.407 [AsyncHttpClient-1-2] DEBUG org.asynchttpclient.netty.channel.ChannelManager - Adding key: http://localhost:53504 for channel [id: 0x1d4ff175, L:/127.0.0.1:60158 - R:localhost/127.0.0.1:53504]
22:30:22.417 [Forwarding isElementDisplayed on session 3be62cb2105c21390a69360ee5850393 to remote] DEBUG org.asynchttpclient.netty.request.NettyRequestSender - Using pooled Channel '[id: 0x1d4ff175, L:/127.0.0.1:60158 - R:localhost/127.0.0.1:53504]' for 'POST' to 'http://localhost:53504/session/3be62cb2105c21390a69360ee5850393/execute/sync'
22:30:22.417 [Forwarding isElementDisplayed on session 3be62cb2105c21390a69360ee5850393 to remote] DEBUG org.asynchttpclient.netty.request.NettyRequestSender - Using open Channel [id: 0x1d4ff175, L:/127.0.0.1:60158 - R:localhost/127.0.0.1:53504] for POST '/session/3be62cb2105c21390a69360ee5850393/execute/sync'
22:30:22.430 [AsyncHttpClient-1-2] DEBUG org.asynchttpclient.netty.handler.HttpHandler - 

Request DefaultHttpRequest(decodeResult: success, version: HTTP/1.1)
POST /session/3be62cb2105c21390a69360ee5850393/execute/sync HTTP/1.1
User-Agent: selenium/4.3.0 (java windows)
Content-Length: 48780
Content-Type: application/json; charset=utf-8
host: localhost:53504
accept: */*

Response DefaultHttpResponse(decodeResult: success, version: HTTP/1.1)
HTTP/1.1 200 OK
Content-Type: application/json; charset=utf-8
cache-control: no-cache
content-length: 14

22:30:22.431 [AsyncHttpClient-1-2] DEBUG org.asynchttpclient.netty.channel.ChannelManager - Adding key: http://localhost:53504 for channel [id: 0x1d4ff175, L:/127.0.0.1:60158 - R:localhost/127.0.0.1:53504]
22:30:22.432 [Forwarding findElement on session 3be62cb2105c21390a69360ee5850393 to remote] DEBUG org.asynchttpclient.netty.request.NettyRequestSender - Using pooled Channel '[id: 0x1d4ff175, L:/127.0.0.1:60158 - R:localhost/127.0.0.1:53504]' for 'POST' to 'http://localhost:53504/session/3be62cb2105c21390a69360ee5850393/element'
22:30:22.432 [Forwarding findElement on session 3be62cb2105c21390a69360ee5850393 to remote] DEBUG org.asynchttpclient.netty.request.NettyRequestSender - Using open Channel [id: 0x1d4ff175, L:/127.0.0.1:60158 - R:localhost/127.0.0.1:53504] for POST '/session/3be62cb2105c21390a69360ee5850393/element'
22:30:22.440 [AsyncHttpClient-1-2] DEBUG org.asynchttpclient.netty.handler.HttpHandler - 

Request DefaultHttpRequest(decodeResult: success, version: HTTP/1.1)
POST /session/3be62cb2105c21390a69360ee5850393/element HTTP/1.1
User-Agent: selenium/4.3.0 (java windows)
Content-Length: 121
Content-Type: application/json; charset=utf-8
host: localhost:53504
accept: */*

Response DefaultHttpResponse(decodeResult: success, version: HTTP/1.1)
HTTP/1.1 200 OK
Content-Type: application/json; charset=utf-8
cache-control: no-cache
content-length: 88

22:30:22.440 [AsyncHttpClient-1-2] DEBUG org.asynchttpclient.netty.channel.ChannelManager - Adding key: http://localhost:53504 for channel [id: 0x1d4ff175, L:/127.0.0.1:60158 - R:localhost/127.0.0.1:53504]
22:30:22.441 [Forwarding getElementText on session 3be62cb2105c21390a69360ee5850393 to remote] DEBUG org.asynchttpclient.netty.request.NettyRequestSender - Using pooled Channel '[id: 0x1d4ff175, L:/127.0.0.1:60158 - R:localhost/127.0.0.1:53504]' for 'GET' to 'http://localhost:53504/session/3be62cb2105c21390a69360ee5850393/element/fa2f2282-e3e8-4178-a93f-60373c25f5a0/text'
22:30:22.441 [Forwarding getElementText on session 3be62cb2105c21390a69360ee5850393 to remote] DEBUG org.asynchttpclient.netty.request.NettyRequestSender - Using open Channel [id: 0x1d4ff175, L:/127.0.0.1:60158 - R:localhost/127.0.0.1:53504] for GET '/session/3be62cb2105c21390a69360ee5850393/element/fa2f2282-e3e8-4178-a93f-60373c25f5a0/text'
22:30:22.452 [AsyncHttpClient-1-2] DEBUG org.asynchttpclient.netty.handler.HttpHandler - 

Request DefaultFullHttpRequest(decodeResult: success, version: HTTP/1.1, content: EmptyByteBufBE)
GET /session/3be62cb2105c21390a69360ee5850393/element/fa2f2282-e3e8-4178-a93f-60373c25f5a0/text HTTP/1.1
User-Agent: selenium/4.3.0 (java windows)
Cache-Control: no-cache
Content-Type: application/json; charset=utf-8
host: localhost:53504
accept: */*

Response DefaultHttpResponse(decodeResult: success, version: HTTP/1.1)
HTTP/1.1 200 OK
Content-Type: application/json; charset=utf-8
cache-control: no-cache
content-length: 70

22:30:22.452 [AsyncHttpClient-1-2] DEBUG org.asynchttpclient.netty.channel.ChannelManager - Adding key: http://localhost:53504 for channel [id: 0x1d4ff175, L:/127.0.0.1:60158 - R:localhost/127.0.0.1:53504]
22:30:22.460 [Driver Command Executor] DEBUG org.asynchttpclient.netty.request.NettyRequestSender - Using pooled Channel '[id: 0x1d4ff175, L:/127.0.0.1:60158 - R:localhost/127.0.0.1:53504]' for 'DELETE' to 'http://localhost:53504/session/3be62cb2105c21390a69360ee5850393'
22:30:22.460 [Driver Command Executor] DEBUG org.asynchttpclient.netty.request.NettyRequestSender - Using open Channel [id: 0x1d4ff175, L:/127.0.0.1:60158 - R:localhost/127.0.0.1:53504] for DELETE '/session/3be62cb2105c21390a69360ee5850393'
22:30:22.462 [AsyncHttpClient-1-4] DEBUG org.asynchttpclient.netty.handler.WebSocketHandler - Channel Closed: [id: 0x4f2fcb55, L:/127.0.0.1:60167 ! R:localhost/127.0.0.1:60159] with attribute NettyResponseFuture{currentRetry=0,
	isDone=1,
	isCancelled=0,
	asyncHandler=org.asynchttpclient.ws.WebSocketUpgradeHandler@3b3e11e6,
	nettyRequest=org.asynchttpclient.netty.request.NettyRequest@613eec8d,
	future=java.util.concurrent.CompletableFuture@176445ee[Completed normally],
	uri=ws://localhost:60159/devtools/browser/fce214c7-d88f-4fb6-9a61-03f019a8924f,
	keepAlive=true,
	redirectCount=0,
	timeoutsHolder=null,
	inAuth=0,
	touch=1660937401438}
22:30:22.463 [AsyncHttpClient-1-4] DEBUG org.asynchttpclient.netty.channel.ChannelManager - Closing Channel [id: 0x4f2fcb55, L:/127.0.0.1:60167 ! R:localhost/127.0.0.1:60159] 
22:30:22.499 [AsyncHttpClient-1-3] DEBUG org.asynchttpclient.netty.handler.HttpHandler - Unexpected I/O exception on channel [id: 0xfda3aa52, L:/127.0.0.1:60166 - R:localhost/127.0.0.1:60159]
java.net.SocketException: Connection reset
	at java.base/sun.nio.ch.SocketChannelImpl.throwConnectionReset(SocketChannelImpl.java:394)
	at java.base/sun.nio.ch.SocketChannelImpl.read(SocketChannelImpl.java:426)
	at io.netty.buffer.PooledByteBuf.setBytes(PooledByteBuf.java:258)
	at io.netty.buffer.AbstractByteBuf.writeBytes(AbstractByteBuf.java:1132)
	at io.netty.channel.socket.nio.NioSocketChannel.doReadBytes(NioSocketChannel.java:357)
	at io.netty.channel.nio.AbstractNioByteChannel$NioByteUnsafe.read(AbstractNioByteChannel.java:151)
	at io.netty.channel.nio.NioEventLoop.processSelectedKey(NioEventLoop.java:722)
	at io.netty.channel.nio.NioEventLoop.processSelectedKeysOptimized(NioEventLoop.java:658)
	at io.netty.channel.nio.NioEventLoop.processSelectedKeys(NioEventLoop.java:584)
	at io.netty.channel.nio.NioEventLoop.run(NioEventLoop.java:496)
	at io.netty.util.concurrent.SingleThreadEventExecutor$4.run(SingleThreadEventExecutor.java:997)
	at io.netty.util.internal.ThreadExecutorMap$2.run(ThreadExecutorMap.java:74)
	at io.netty.util.concurrent.FastThreadLocalRunnable.run(FastThreadLocalRunnable.java:30)
	at java.base/java.lang.Thread.run(Thread.java:833)
22:30:22.499 [AsyncHttpClient-1-3] DEBUG org.asynchttpclient.netty.channel.ChannelManager - Closing Channel [id: 0xfda3aa52, L:/127.0.0.1:60166 - R:localhost/127.0.0.1:60159] 
22:30:22.502 [AsyncHttpClient-1-3] DEBUG org.asynchttpclient.netty.handler.HttpHandler - Channel Closed: [id: 0xfda3aa52, L:/127.0.0.1:60166 ! R:localhost/127.0.0.1:60159] with attribute DISCARD
22:30:22.509 [AsyncHttpClient-1-2] DEBUG org.asynchttpclient.netty.handler.HttpHandler - 

Request DefaultFullHttpRequest(decodeResult: success, version: HTTP/1.1, content: EmptyByteBufBE)
DELETE /session/3be62cb2105c21390a69360ee5850393 HTTP/1.1
User-Agent: selenium/4.3.0 (java windows)
Content-Type: application/json; charset=utf-8
host: localhost:53504
accept: */*

Response DefaultHttpResponse(decodeResult: success, version: HTTP/1.1)
HTTP/1.1 200 OK
Content-Type: application/json; charset=utf-8
cache-control: no-cache
content-length: 14

22:30:22.509 [AsyncHttpClient-1-2] DEBUG org.asynchttpclient.netty.channel.ChannelManager - Adding key: http://localhost:53504 for channel [id: 0x1d4ff175, L:/127.0.0.1:60158 - R:localhost/127.0.0.1:53504]
22:30:22.605 [AsyncHttpClient-1-2] DEBUG org.asynchttpclient.netty.handler.HttpHandler - Channel Closed: [id: 0x1d4ff175, L:/127.0.0.1:60158 ! R:localhost/127.0.0.1:53504] with attribute DISCARD
]]></system-out>
    <system-err><![CDATA[Starting ChromeDriver 104.0.5112.79 (3cf3e8c8a07d104b9e1260c910efb8f383285dc5-refs/branch-heads/5112@{#1307}) on port 53504
Only local connections are allowed.
Please see https://chromedriver.chromium.org/security-considerations for suggestions on keeping ChromeDriver safe.
ChromeDriver was started successfully.
авг. 19, 2022 10:30:01 PM org.openqa.selenium.remote.ProtocolHandshake createSession
INFO: Detected upstream dialect: W3C
авг. 19, 2022 10:30:01 PM org.openqa.selenium.devtools.CdpVersionFinder findNearestMatch
WARNING: Unable to find an exact match for CDP version 104, so returning the closest version found: 103
авг. 19, 2022 10:30:01 PM org.openqa.selenium.devtools.CdpVersionFinder findNearestMatch
INFO: Found CDP implementation for version 104 of 103
]]></system-err>
  </testcase>
</testsuite>